YKK227gPpRn4_30.000_40.000
Y-6p32k2WUCs_0.000_10.000
Y-Zjgm_sZd10_0.000_4.000
Y-ikrSfqB0LU_0.000_3.000
Y26ubekDhG_Y_0.000_10.000
Y2xXpSgqrtDE_40.000_50.000
Y2xo20i_OZrM_80.000_90.000
Y3BcwNM72zcQ_10.000_20.000
Y44U-fF5rsjM_0.000_10.000
Y4oQdHNxBFFY_20.000_30.000
Y52Usv8FcO0w_30.000_40.000
Y5pNzHcUedVo_10.000_20.000
Y6PrBwQNpLvo_10.000_20.000
Y6aNA6pqmpd8_0.000_6.000
Y7fGU8SFid9E_130.000_140.000
Y9QEM0ThcgD4_20.000_30.000
Y9zWmlaj56pM_60.000_70.000
YCvvvGRbF5mU_30.000_40.000
YE8Yi41OgpWo_0.000_10.000
YEL3v64rTpG8_0.000_9.000
YEenFsKjpsQc_200.000_210.000
YEqCEkkd_c_I_0.000_10.000
YHoBWL3qAnGU_350.000_360.000
YI-uouJ_Zsv4_0.000_10.000
YI3kPmcHvMrg_30.000_40.000
YJ1EO9afbq4U_80.000_90.000
YJ1Qv0p8QsR8_150.000_160.000
YJQplKcC6Ejw_0.000_10.000
YL7bzKI26Pek_190.000_200.000
YL9_QOpRG8s8_0.000_10.000
YLgf99OrWOVM_420.000_430.000
YMkF2nVQypFM_30.000_40.000
YMsy4mmS1DYc_110.000_120.000
YP900eyYudeg_30.000_40.000
YPpKpwTI1REQ_410.000_420.000
YSgbfq9K3Lqs_30.000_40.000
YTLs3b0dV8Ew_10.000_20.000
YTgp484iUwEg_190.000_200.000
YU10g6Ou2A58_10.000_20.000
YUhrqWmzFf8A_60.000_70.000
YVafgccb1ubk_320.000_330.000
YWmOE-cfIJe0_8.000_18.000
YXiu_VGdKi4o_0.000_4.000
YYTdVeMwwYkY_11.000_21.000
YYaTkV4qCqQc_19.000_29.000
YZFmyeuE40I8_500.000_510.000
Y_CZzm6jUxbo_30.000_40.000
Y_KNIJQJ-CHA_30.000_40.000
Y_YoIeZgxdAI_0.000_10.000
YaCVJyp88tpM_150.000_160.000
YabTPRP0_F-A_180.000_190.000
YaeEdZ2Pd7Mo_10.000_20.000
Yb2o_IFW-9HQ_2.000_12.000
YbLe0AmKB8fY_560.000_570.000
YbRUUPDD_nSQ_22.000_32.000
Ybm0xs7iYwo4_60.000_70.000
YfjcfhE22AVQ_540.000_550.000
Yj2ZWCwZh9LQ_10.000_20.000
YkD_sM3ZF514_160.000_170.000
YkIqf8gd4W8Q_590.000_600.000
Yl8ImMjuK29M_330.000_340.000
YmOfTDGOGBpI_160.000_170.000
YmpAYvNw6VEw_40.000_50.000
Yn2u-4A9fY28_20.000_30.000
YoFcRyerYBfM_30.000_40.000
YqDCK7vo_MCM_140.000_150.000
YqGDaSUy-llQ_0.000_9.000
Yr4auqsn1UuA_430.000_440.000
YrzAqETGwotg_20.000_30.000
YtLgYuO-w638_0.000_10.000
YtNr5TNpI_SY_30.000_40.000
YxnwwsEEJvdk_200.000_210.000
YyNNf4uTzPjQ_10.000_20.000
YylADXwDnjwY_550.000_560.000
YzNvgZ5QPAFI_30.000_40.000
Y0632OqvXrwg_7.000_17.000
Y08R27f6Ffdk_6.000_16.000
Y0Am7X758-Ek_30.000_40.000
Y0CEQ565DH_A_30.000_40.000
Y0DtJdRFPmS4_30.000_40.000
Y0E6Uaq_e6OA_20.000_30.000
Y0F40MJSfsDw_30.000_40.000
Y0F7yaWNgTGg_30.000_40.000
Y0F8srmjGqtA_30.000_40.000
Y0G-Qx3Gv01s_0.000_8.000
Y0GGO5npJzWI_0.000_10.000
Y0QtmEs-OOsA_21.000_31.000
Y0SjvusZqA3w_0.000_6.000
Y0Sq8ge7D4wU_3.000_13.000
Y0UKzyBqyhGc_27.000_37.000
Y0W_gYR6p-D0_30.000_40.000
Y0_K6OKtoBBU_30.000_40.000
Y0b06i5LzIFw_26.000_36.000
Y0bj1ynHjnR8_26.000_36.000
Y0crSdgvedhc_150.000_160.000
Y0hbOtaw86mk_30.000_40.000
Y0i31R7PS-GA_20.000_30.000
Y0kOj9aZEySE_21.000_31.000
Y0owoOrZH2mI_28.000_38.000
Y0q1Ytfn8yMU_10.000_20.000
Y0rJwumFz1O0_30.000_40.000
Y0uab4-3d6MM_30.000_40.000
Y0v87UfMga5U_30.000_40.000
Y0xzbWmrJCa0_30.000_40.000
Y0zv4NcZfYhE_24.000_34.000
Y15nVe6RwUNM_19.000_29.000
Y16ccKlJF5H8_6.000_16.000
Y16th_TIPv84_30.000_40.000
Y17tk_fp4eJ0_50.000_60.000
Y18FN3fDI25A_30.000_40.000
Y19UTZe1Gwj4_30.000_40.000
Y1DVyj_Q5f0A_12.000_22.000
Y1FUMr2pDTn0_30.000_40.000
Y1H0jwhMaS70_30.000_40.000
Y1Kxgh-Eciz0_30.000_40.000
Y1MPwoS-R83A_30.000_40.000
Y1NwoL7fn1Qk_40.000_50.000
Y1QAZc5vOLlE_10.000_20.000
Y1QxDi-op6Qg_27.000_37.000
Y1RNq7dbRpWU_16.000_26.000
Y1U1k-d1x1qw_30.000_40.000
Y1UgCfEUzfqo_30.000_40.000
Y1Unp4vddTlM_30.000_40.000
Y1VQZAJgvzWI_30.000_40.000
Y1VyUmkngG5g_10.000_20.000
Y1b1b-9_AcFg_30.000_40.000
Y1bdZx2gFZ2w_30.000_40.000
Y1ci9EhneRNs_30.000_40.000
Y1dgBCUaZVAQ_21.000_31.000
Y1sLF9mlF1yg_2.000_12.000
Y1szSQEuQ5WM_30.000_40.000
Y1tHhN-4fTiU_30.000_40.000
Y1tJdV9lG8dI_30.000_40.000
Y1vEjPObCs-c_6.000_16.000
Y1wTYC26te1E_30.000_40.000
Y1x2dJASMVi4_30.000_40.000
Y1zYsKe5HhsQ_21.000_31.000
Y2-dHuNPOmFg_30.000_40.000
Y221Ia1cD5dQ_22.000_32.000
Y28yk3SrpV9Q_20.000_30.000
Y29-H4jj5UsE_24.000_34.000
Y2CSHWGtuxAY_30.000_40.000
Y2DaEW8tcMvo_30.000_40.000
Y2Eu-5zFuvb0_12.000_22.000
Y2EuM56yo0BM_30.000_40.000
Y2IvNEoXArxU_30.000_40.000
Y2KFRad_OEVM_30.000_40.000
Y2KjNkHQ8dvI_30.000_40.000
Y2Kz8a9S_Izs_11.000_21.000
Y2MFWzrk_KTM_30.000_40.000
Y2OoPfRnajZQ_30.000_40.000
Y2UGVSzh2bpQ_30.000_40.000
Y2YFsREAuJv4_30.000_40.000
Y2_07VckX0oU_21.000_31.000
Y2_Fl6KD9xZQ_30.000_40.000
Y2b0EzAqILu0_30.000_40.000
Y2ePpNRwWoOc_30.000_40.000
Y2fVTY-74PHI_30.000_40.000
Y2gCoy1QSPKM_10.000_20.000
Y2gs0Ltt5niY_30.000_40.000
Y2gvtmPZBNqw_30.000_40.000
Y2j8pxiFvElM_0.000_5.000
Y2nSWjsRllr8_30.000_40.000
Y2pFAkhUv7HQ_19.000_29.000
Y2rEjHi9VQM0_7.000_17.000
Y2sZhC_mKeic_30.000_40.000
Y2smnPw-cEps_30.000_40.000
Y2tMAx_ODhkw_10.000_20.000
Y2tpNtgOTI7M_21.000_31.000
Y2tvbXTF_MOA_30.000_40.000
Y2wG2Ar6VRMU_30.000_40.000
Y2wN-zr2MB2A_30.000_40.000
Y3-Q-3tZRaLI_30.000_40.000
Y3-Yw2TJQX4M_13.000_23.000
Y30N8kpX42Nc_30.000_40.000
Y30jyF9zlHXU_30.000_40.000
Y323uKBR-l4o_30.000_40.000
Y34_hvcz2g3s_25.000_35.000
Y34nb4_NIs_4_13.000_23.000
Y35qYEcRiJEY_8.000_18.000
Y369SnL621UI_0.000_10.000
Y3Ez6bhUGPKk_30.000_40.000
Y3G6CJHZEVYM_30.000_40.000
Y3GC8vah5aHU_30.000_40.000
Y3Glt9M8l_OA_30.000_40.000
Y3HrhMbXIuEk_18.000_28.000
Y3N0eacoj16s_6.000_16.000
Y3P_hZmAbPuI_30.000_40.000
Y3QOZzr4qCsg_20.000_30.000
Y3REDa7Da7Dk_30.000_40.000
Y3UjvVNXo91s_30.000_40.000
Y3Vu_2_YBeTk_30.000_40.000
Y3W20yc8TE1s_30.000_40.000
Y3dVfAVhlAVo_30.000_40.000
Y3ejndVEAcmQ_11.000_21.000
Y3fdw7WJRVQc_19.000_29.000
Y3gXb8hq1Vk8_25.000_35.000
Y3gjF-cVb_m4_30.000_40.000
Y3n--reua_a0_27.000_37.000
Y3tPbl-78nZ8_0.000_4.000
Y3vcBPIhHjbE_90.000_100.000
Y3xeZDE2UE6w_30.000_40.000
Y46Ui0WCPoNk_30.000_40.000
Y48qlec3i3Ds_25.000_35.000
Y4BK-071pAfI_30.000_40.000
Y4BmkuLnWy1U_120.000_130.000
Y4MqedZrHths_30.000_40.000
Y4OYKkAqdYbI_0.000_10.000
Y4P7p_EIdIeY_30.000_40.000
Y4S2R5UfWNBc_4.000_14.000
Y4UHlvxbSsJY_30.000_40.000
Y4VD4FGVS2nM_10.000_20.000
Y4VmVMns3514_50.000_60.000
Y4XHI4u7VidE_30.000_40.000
Y4Z-aeSrkqFg_30.000_40.000
Y4_MSTYZF8ns_0.000_10.000
Y4bLFS9KnHJU_30.000_40.000
Y4eeCIydN--4_3.000_13.000
Y4f2SbVHDPU8_30.000_40.000
Y4fpXqwEe_hM_0.000_4.000
Y4g5UJW0t4uc_30.000_40.000
Y4gSRzRQie2M_1.000_11.000
Y4hMpfbdjIjo_40.000_50.000
Y4hjW385XyHE_30.000_40.000
Y4ks0_dkWNGw_10.000_20.000
Y4lYCUB4REU0_30.000_40.000
Y4le_42J5qkU_12.000_22.000
Y4mswzuaZjnQ_30.000_40.000
Y4muUnvSiceA_30.000_40.000
Y4nsoFVx6MZ4_17.000_27.000
Y4oDE5ldMtT4_30.000_40.000
Y4pSzvT4eNdE_22.000_32.000
Y4pjcLnx3dMs_14.000_24.000
Y4rZuOkQL4HY_30.000_40.000
Y4rlpvDKiMMY_15.000_25.000
Y4saOJCEUaLE_17.000_27.000
Y4v89TDGH3do_30.000_40.000
Y5-aW6ffdiys_100.000_110.000
Y--sIMPsphRI_10.000_20.000
Y--7jZxfzemI_13.000_23.000
Y--L22BmDI6E_12.000_22.000
Y-1UleAsNU_4_30.000_40.000
Y-24cKdvEPHs_20.000_30.000
Y-2XABjjB1tU_110.000_120.000
Y-37X0bRVT0g_140.000_150.000
Y-3L1zkUbHt8_21.000_31.000
Y-3cmXbOJOoc_30.000_40.000
Y-4H1EUXNl5s_30.000_40.000
Y-4ROHZMW7t0_5.000_15.000
Y-4ZFguO-v8M_50.000_60.000
Y-4i49rWLl1o_20.000_30.000
Y-4oBn8qurR4_25.000_35.000
Y-5IoPSM59xM_9.000_19.000
Y-5rnGk2e1ao_0.000_10.000
Y-799s1wQehA_110.000_120.000
Y-7T1vQ2CgdQ_10.000_20.000
Y-7Y8Cmjdvuk_20.000_30.000
Y-7khzUmnlm8_30.000_40.000
Y-7v9JCLrISM_210.000_220.000
Y-9OUFFMZTuk_50.000_60.000
Y-9P1IlNEgsM_0.000_8.000
Y-9YohOxYZ0Q_10.000_20.000
Y-A1G9vEhK58_20.000_30.000
Y-BEt_WLaM_8_30.000_40.000
Y-CEC5RoRUbU_30.000_40.000
Y-Dqd4YgZL0k_30.000_40.000
Y-EM6qEqk_H0_10.000_20.000
Y-GQtDyZq5y4_30.000_40.000
Y-HBR6wrrhAs_0.000_10.000
Y-HLkaa5GCFg_20.000_30.000
Y-HnhPxiYLLU_0.000_9.000
Y-IHE1hhdtek_30.000_40.000
Y-Io461is8Ko_120.000_130.000
Y-Its_5qrHs8_30.000_40.000
Y-JlAIil9iSE_8.000_18.000
Y-K0wP_zCTvA_30.000_40.000
Y-KzCxE1X5j0_30.000_40.000
Y-L46ZLyp9R0_30.000_40.000
Y-LWu_lirwKk_0.000_10.000
Y-LqG7GIW8UQ_110.000_120.000
Y-Nsu5Dm73Xw_0.000_10.000
Y-O-s44NpuEo_30.000_40.000
Y-OYEgBWbvr4_0.000_10.000
Y-PIv8H-fn5U_50.000_60.000
Y-PWc49x8cyE_30.000_40.000
Y-PxusaPCH98_30.000_40.000
Y-QSTEXFuNZs_0.000_10.000
Y-QhqFtXZ7NA_30.000_40.000
Y-R47b72sQLU_4.000_14.000
Y-R5D2ee48uQ_21.000_31.000
Y-SL5sFIuhtg_30.000_40.000
Y-T9PDWg_EeU_30.000_40.000
Y-T9mK2krm2w_30.000_40.000
Y-TSQj52I1PQ_260.000_270.000
Y-UIDQgPMztE_30.000_40.000
Y-UubaEEMA4Q_30.000_40.000
Y-UxlFmoVuPo_30.000_40.000
Y-VG70q026Bw_30.000_40.000
Y-VPoLzHsw1s_30.000_40.000
Y-VV6dIcGmwI_0.000_10.000
Y-VbuWn-f52s_30.000_40.000
Y-Vo3XijOlvc_70.000_80.000
Y-W0tpODVUfQ_30.000_40.000
Y-WelAtqGj1E_60.000_70.000
Y-XLzWTb3sUg_30.000_40.000
Y-Y2x_3lyCqY_10.000_20.000
Y-YEkSU7gXLw_30.000_40.000
Y-Z0yjRccfSY_17.000_27.000
Y-ZBKA57bVj8_20.000_30.000
Y-ZdP1MF8bIw_10.000_20.000
Y-_A4yJmxFdM_30.000_40.000
Y-dvfWWc5bQ8_30.000_40.000
Y-eHWGca4Z8U_50.000_60.000
Y-ehQwV9uU8s_30.000_40.000
Y-dkiBLyj6wA_30.000_40.000
Y-dDpGRPHzM0_30.000_40.000
Y-cid4JHUyiI_20.000_30.000
Y-bWroS6KQj4_26.000_36.000
Y-akpZs0cx68_30.000_40.000
Y-_YEMHrl2QI_2.000_12.000
Y-eoxW0xL72I_20.000_30.000
Y-fugxRc4VhY_40.000_50.000
Y-furRVKz4ac_30.000_40.000
Y-hdg7DQaxW4_30.000_40.000
Y-hqM85LZw7c_20.000_30.000
Y-i0mmYppi18_30.000_40.000
Y-iQlvp-lsY4_30.000_40.000
Y-jQRCubyDVU_30.000_40.000
Y-kCWX1wjibc_30.000_40.000
Y-lHF9tBL2B8_30.000_40.000
Y-lT-SZfrIIU_140.000_150.000
Y-lwNEw-ZXlQ_10.000_20.000
Y-m5z0sH7kGE_20.000_30.000
Y-mdPX2djAUY_10.000_20.000
Y-mehDRbzJME_20.000_30.000
Y-mn4rI21T-4_30.000_40.000
Y-mt3E7_Ovlo_30.000_40.000
Y-unossccIwI_0.000_5.000
Y-umSSowXOX0_30.000_40.000
Y-u-Id9BVvIc_2.000_12.000
Y-twU2FvK4xw_50.000_60.000
Y-tPtpv32DZw_10.000_20.000
Y-sxwmvdgmWs_21.000_31.000
Y-sgDyi4BY-0_30.000_40.000
Y-sHWEPAUvmQ_50.000_60.000
Y-rcdmMimpgk_5.000_15.000
Y-rT-3LOGIjw_10.000_20.000
Y-r97oVkDfKQ_30.000_40.000
Y-r7foRuzOuc_70.000_80.000
Y-qfHOFxUwGQ_0.000_10.000
Y-pdmLg5FbQY_30.000_40.000
Y-pd7_XFFy0A_100.000_110.000
Y-oRgzBsFneA_22.000_32.000
Y-nveMLXxLn4_10.000_20.000
Y-nvJc7KvBJ8_30.000_40.000
Y-niT5wKbFOo_10.000_20.000
Y-naZXDdh9Ps_30.000_40.000
Y-n6rtB7rMuo_30.000_40.000
Y-mtTSO6FhSA_10.000_20.000
Y-wb18_6tLAE_50.000_60.000
Y-yFeywhaivM_30.000_40.000
Y-yX0TlfBiFg_12.000_22.000
Y-yktClBEgbk_30.000_40.000
Y-yspk7ebYkQ_20.000_30.000
Y-za3Io5SExs_30.000_40.000
Y0-uzle1hzoI_0.000_10.000
Y-xy_iwaQckM_50.000_60.000
Y-zSFmp8e43E_30.000_40.000
Y0Am_PbPUkuk_30.000_40.000
Y0ApKTbVeSEU_21.000_31.000
Y0BSidlvh4Ds_30.000_40.000
Y0BTCY5xhrIY_30.000_40.000
Y0BnyrbZz8Jk_30.000_40.000
Y0BwiOU6alvQ_0.000_10.000
Y0C3J02LHgVk_30.000_40.000
Y0CRPp8k4wEo_30.000_40.000
Y0CUHnK_Lh4s_30.000_40.000
Y0CYxiRkfVhw_30.000_40.000
Y0CgZR0f_yFs_30.000_40.000
Y0CkERnAY8Ro_30.000_40.000
Y0EOJ3ZqLJDU_10.000_20.000
Y0EjIJRg8ub4_30.000_40.000
Y0FtYHAivI2E_30.000_40.000
Y0Gggc7Vz7TI_10.000_20.000
Y0Gxxzj2vopc_30.000_40.000
Y0IGUZWhc9Go_10.000_20.000
Y0J0sN1xeDZM_30.000_40.000
Y0M20-hvyBvQ_110.000_120.000
Y0M7CEfzzGm8_220.000_230.000
Y0N3bFducxuc_30.000_40.000
Y0NIW_5zr2zg_30.000_40.000
Y0OLsNjg9Q_c_40.000_50.000
Y0P2dMIUs6W0_21.000_31.000
Y0Q_BPEl7_Vo_30.000_40.000
Y0QkmP-TtIFo_300.000_310.000
Y0RFwwmALrBs_30.000_40.000
Y0RNKWKFds8Y_30.000_40.000
Y0RxvhDsjL0M_30.000_40.000
Y0UEClS6XhZ0_30.000_40.000
Y0UhAR0Qt4UA_28.000_38.000
Y0XDz4i5L4nE_30.000_40.000
Y0XED4i5Jkzw_300.000_310.000
Y0XR0EQBxzZk_30.000_40.000
Y0XUauSOwvzk_30.000_40.000
Y0X_XBckLKj8_30.000_40.000
Y0XouGEsWiQk_200.000_210.000
Y0ZPALU8EnWQ_30.000_40.000
Y0_J0BWiW7-k_12.000_22.000
Y0a8RB5eOGJ4_30.000_40.000
Y0br2bEMg6yg_23.000_33.000
Y0bveNubRkUI_0.000_10.000
Y0cGgIDhIfdA_30.000_40.000
Y0cnLnzrBcmY_10.000_20.000
Y0d8dFoWQ2KA_30.000_40.000
Y0dI4cUQlAkQ_30.000_40.000
Y0eNfQDAbn_Y_20.000_30.000
Y0eaVWAwYCyU_40.000_50.000
Y0ebNDEKQWmY_2.000_12.000
Y0geFG8tCbrc_0.000_9.000
Y0gvqDWLoBfQ_10.000_20.000
Y0io4FnKo8Eg_20.000_30.000
Y0izj5OZGtg8_30.000_40.000
Y0j2L1H_b1qM_20.000_30.000
Y0kTHgSzQkfw_10.000_20.000
Y0l2qcA0XKUs_30.000_40.000
Y0lUFEAnnET8_30.000_40.000
Y0lV5Fln3nYA_390.000_400.000
Y0m5K90TnZhI_30.000_40.000
Y0m9QkjCVwcU_30.000_40.000
Y5_OJsj6bcuo_260.000_270.000
Y8EQHKEd5mm4_120.000_130.000
YA_0MlszhCDE_180.000_190.000
YKs82WXeSK_I_200.000_210.000
YTrdsiHl7xWA_30.000_40.000
YZPDVc3hNaQs_80.000_90.000
Y-DlHUJC4NuM_16.000_26.000
Y-EDRNpIlIwo_480.000_490.000
Y-GFJt6U-eE8_340.000_350.000
Y-Owu1H-JG9w_410.000_420.000
Y-PfTYmixaVM_170.000_180.000
Y-RIXNh-i88E_30.000_40.000
Y-ZFt9Uzz6Bc_410.000_420.000
Y-_OktjRkoSk_110.000_120.000
Y-essyyKfJao_310.000_320.000
Y-g-eZBsr_3s_520.000_530.000
Y-knsW4FmXus_320.000_330.000
Y-mNmhJs1pYM_90.000_100.000
Y04jA_kRetJY_190.000_200.000
Y0H886ArR4l4_20.000_30.000
Y0PvDZ5t_Ajk_20.000_30.000
Y0WxL3UhsteQ_210.000_220.000
Y0Z4LBWXXRTY_430.000_440.000
Y0eTnDw0z8MQ_170.000_180.000
Y0lEavQUSRO4_410.000_420.000
Y0m5cakFD4UM_80.000_90.000
Y0oUbMWJgokM_170.000_180.000
Y0rmCYTGycKw_90.000_100.000
Y0t1ogJiWi2s_60.000_70.000
Y0wBhkeneS_0_90.000_100.000
Y18ga5cnUrmk_80.000_90.000
Y1BScYBNc6MA_50.000_60.000
Y1CPfFe_5hyQ_200.000_210.000
Y1ERSh8l5-sM_330.000_340.000
Y1GOF_EEeO-0_250.000_260.000
Y1T8oXIFhjbI_160.000_170.000
Y1X3ab9ycVL0_130.000_140.000
Y1pwPeNfpA6g_20.000_30.000
Y1vRE3X4JUGA_90.000_100.000
Y21Lcs4vTfL8_330.000_340.000
Y24MAv47JAmM_60.000_70.000
Y2BNVQn48D04_130.000_140.000
Y2ICT6R4XpG8_390.000_400.000
Y2IvlhZhAQXg_480.000_490.000
Y2UxOuJUUNYI_310.000_320.000
Y2gSMufsNQKA_30.000_40.000
Y2itn7f5uqII_340.000_350.000
Y2rk3CP0wyTE_30.000_40.000
Y2u1uhPJjG0E_130.000_140.000
Y31QfrApbf68_140.000_150.000
Y3BDYVasyc7w_90.000_100.000
Y3GzSX64mz9A_120.000_130.000
Y3JhDWx-fyrU_140.000_150.000
Y3KMFLT0_1Z8_40.000_50.000
Y3T83pSxx7EY_50.000_60.000
Y3W9E20sjFxU_30.000_40.000
Y3Y-sGqzbkz8_70.000_80.000
Y3eNWJ4Hle6Y_210.000_220.000
Y3fUx5N4E_Ns_22.000_32.000
Y3oMfiHn8glc_250.000_260.000
Y3vbNr_cSPCs_230.000_240.000
Y3xw-ArXjCd0_1.000_11.000
Y4GNasJv6pKg_160.000_170.000
Y4Io5AxwAZLg_210.000_220.000
Y4SsN6ljFgO4_380.000_390.000
Y4UnxBVjWyyI_310.000_320.000
Y4bMl2MbdGFc_60.000_70.000
Y4cV4T8ACLh8_290.000_300.000
Y4dYGxoFrg_U_120.000_130.000
Y4fz0-Kx2oNs_250.000_260.000
Y4nHPpC6oGn4_100.000_110.000
Y4pk8AgcjwHI_100.000_110.000
Y4yx7AdsRAOs_0.000_10.000
Y5-P7x4FV4lg_570.000_580.000
Y51O5P0FfM4s_350.000_360.000
Y56DAM74mj4o_110.000_120.000
Y59sY88oEnK4_270.000_280.000
Y5G6b_QWL3nY_60.000_70.000
Y5K3CYm2u2zA_220.000_230.000
Y5KgFUESjAjY_30.000_40.000
Y5MdrETdOmws_30.000_40.000
Y5MfA-Ty5Bug_120.000_130.000
Y5NL28wdRU7w_70.000_80.000
Y5OZjjLujmW4_220.000_230.000
Y5SuhTH6E4s0_510.000_520.000
Y5XSZ28t3Er4_40.000_50.000
Y5ZQCdVfdGig_170.000_180.000
Y5Z_H9AAErB8_240.000_250.000
Y5Zlfi4rMHdA_220.000_230.000
Y5cKp2I5wVnc_110.000_120.000
Y5hUK9ubSMZU_300.000_310.000
Y5jGW04-qCqA_70.000_80.000
Y60sTmOvstX8_14.000_24.000
Y621uG1-AkPg_260.000_270.000
Y63aTkG1grKA_120.000_130.000
Y68ijV_btmC0_370.000_380.000
Y6DMX8gljdqU_90.000_100.000
Y6cCRuEzXIl8_410.000_420.000
Y6kG4su7eRsg_160.000_170.000
Y6nJ9zXqHerc_170.000_180.000
Y6zBQwvfO958_90.000_100.000
Y779sKwaX_Hc_120.000_130.000
Y7BrW2OIEGE4_20.000_30.000
Y7jYmoqMkZSI_50.000_60.000
Y7n4LwRcCA6I_230.000_240.000
Y7o9GQfuUR0w_30.000_40.000
Y7pL3UHjTnYw_90.000_100.000
Y7sWqfhE9q08_30.000_40.000
Y7w_SOFgaack_70.000_80.000
Y8-ZLMffhptY_280.000_290.000
Y8-wMKTMviuw_180.000_190.000
Y82f4N4PPYDg_70.000_80.000
Y8DVSSxR87pY_300.000_310.000
Y8XVcVotWIiE_2.000_12.000
Y8Xdq4cSpwl4_90.000_100.000
Y8s70b3xf7LY_100.000_110.000
Y8sfcMZ8A3OQ_180.000_190.000
Y8wsrGjVfzQI_160.000_170.000
Y923C2xEL-bY_110.000_120.000
Y94P0VLAgTb4_240.000_250.000
Y9JbcP3y9hYU_560.000_570.000
Y9KPk292No4k_140.000_150.000
Y9V_qFBGs5yY_240.000_250.000
Y9YO1aiPy2A4_280.000_290.000
Y9aPbbNZGKM4_140.000_150.000
Y9bQxINhcasI_30.000_40.000
Y9iGjureW7uE_80.000_90.000
Y9kMTqmnH0h8_70.000_80.000
Y9pJxCW3gGFE_120.000_130.000
Y9puiKadufhc_150.000_160.000
Y9urBm5gQ_Gs_120.000_130.000
Y9vugWX2roX4_350.000_360.000
Y9woSSMs77wg_160.000_170.000
Y9xTGSB1Gu5k_180.000_190.000
YA-KMlW676fA_170.000_180.000
YA1vqIG8hUrA_140.000_150.000
YAXXbSozzodM_150.000_160.000
YA_Ed02Fc8uI_520.000_530.000
YAbj_Mr9vSF4_30.000_40.000
YAiPaclfScPk_30.000_40.000
YAq9aVc38ENg_530.000_540.000
YAvtbBBUmJnY_30.000_40.000
YAxjVvxlVrB0_70.000_80.000
YB6PFjZ09CeQ_160.000_170.000
YB7mBrG4WDFI_210.000_220.000
YB9tmpIYIBWc_40.000_50.000
YBCMH41D40C0_150.000_160.000
YBKNZ1V5Vwio_190.000_200.000
YBUqBatiRaS0_30.000_40.000
YC0yegOHoNH8_150.000_160.000
YC61p3UzHJlc_60.000_70.000
YC9RkVD1AgtU_60.000_70.000
YCYsgCcBFp9M_30.000_40.000
YD5LEHkIb3pI_30.000_40.000
YDK6lH3TIvvM_6.000_16.000
YEdapWc6McpE_150.000_160.000
YExjkmiWArck_380.000_390.000
YFA_mtHkWx_A_350.000_360.000
YF_EGkmOEU6s_9.000_19.000
YFjs4ljE0B9M_220.000_230.000
YFoAmYrmOvbU_30.000_40.000
Y-TDsXxTaw2Q_520.000_530.000
Y-WEfNbZO_LE_130.000_140.000
Y-YLpD1UW8qU_0.000_10.000
Y-hWRLlRjetY_10.000_20.000
Y-xyHS0dJ3R8_190.000_200.000
Y074nzzlXf_g_70.000_80.000
Y0r2OVHasER0_140.000_150.000
Y1Ulak3dMnGU_18.000_28.000
Y1h5vQr1yu2E_100.000_110.000
Y1hL4MSPzMZ0_270.000_280.000
Y1lqdBjdJgWg_50.000_60.000
Y2MwW5vQm4wI_210.000_220.000
Y2RQQORu0diE_60.000_70.000
Y2b7NoEYo56g_80.000_90.000
Y2dZ7ZV3vK28_30.000_40.000
Y2hahuIUm410_40.000_50.000
Y2p230m8MT0I_60.000_70.000
Y2qXtaTZdvrY_20.000_30.000
Y32V6Gv7S6mA_50.000_60.000
Y4FdTwg1jmAk_2.000_12.000
Y4QbTi4xcuVY_30.000_40.000
Y4RPbOWqEeVk_310.000_320.000
Y4SDfWBgrXVM_10.000_20.000
Y4XoQgeO26Ls_0.000_9.000
Y4fti1n2kmss_10.000_20.000
Y69VgW9hZ1jc_190.000_200.000
Y6hpAs8vJOow_70.000_80.000
Y75Ro0rRqJdg_50.000_60.000
Y7C4HntU8OzA_0.000_10.000
Y7WlRADYl44I_30.000_40.000
Y8GFntf9pr2M_120.000_130.000
Y9A1Sm-1KEqo_190.000_200.000
Y9SRUFh4J-9Y_80.000_90.000
Y9lBCoB8g7fU_20.000_30.000
Y9rjQjEg-XV0_0.000_7.000
Y9wQaQJq0Aok_100.000_110.000
YBNUpvKtFrlM_380.000_390.000
Y-kJT_nUHinA_50.000_60.000
Y0j1-0Y6lGck_120.000_130.000
Y2GQHZpe5yjA_50.000_60.000
Y3jlZEJBFJWQ_220.000_230.000
Y54tr1EdazoQ_0.000_10.000
Y5CYK7AKivDo_180.000_190.000
Y61X1X_LmORw_90.000_100.000
Y6Q2pEz4dH9o_190.000_200.000
Y6TkcupyZ5Fo_50.000_60.000
Y73BZrwK0WG4_10.000_20.000
Y79rmTWPTE4k_20.000_30.000
Y84DPXuqLmPU_10.000_20.000
Y8eEE_7vieA4_60.000_70.000
Y8qft_Gz8pbI_40.000_50.000
Y9h5ROryAOB8_30.000_40.000
Y9it7TG54R7o_20.000_30.000
YAdC7VM5iayo_30.000_40.000
YBbe0SLalfds_300.000_310.000
YBv7HaboieiI_30.000_40.000
YCYgCdPSDuLU_30.000_40.000
YDvo5gaHHMss_60.000_70.000
YDxl06F35zRU_190.000_200.000
YEzPcuNoSHMM_100.000_110.000
YFuWDfaQjbvs_100.000_110.000
YG9THIahRtIg_30.000_40.000
YIJCt1QRXB2c_10.000_20.000
YINo6GZA4JmI_30.000_40.000
YImI6wq8MZHI_30.000_40.000
YJUfqY02LE8o_30.000_40.000
YK_nRJ9wSrJo_230.000_240.000
YKlhaNw2GOdI_30.000_40.000
YLUXsrbkMXAo_30.000_40.000
YMAKDYhkqEuM_30.000_40.000
YMU-mjwNA8WA_10.000_20.000
YNc2S-9oUB8M_70.000_80.000
YNuua5ODd_fU_50.000_60.000
YP91WX58Lmy0_30.000_40.000
YP_LNQaKzuik_20.000_30.000
YPti94mTT8SY_30.000_40.000
YQSgqjJ2iglM_30.000_40.000
YRMfA-0f-aDk_12.000_22.000
YTZmFozrJ7BE_20.000_30.000
YTx8HKkQEPrc_10.000_20.000
YU4nhmciONvk_20.000_30.000
YUtFWit1DrMk_0.000_10.000
YVbPjWw7pRzo_230.000_240.000
YWQsD5BeHcVM_80.000_90.000
YWpaOXMCen7s_0.000_10.000
YWvGEDbhCAps_0.000_10.000
YWzt30lCBGHs_60.000_70.000
YX6U476H2pWw_20.000_30.000
YXOxXhQAmuYM_110.000_120.000
Y-Jnns0s8q2g_22.000_32.000
Y-ZgUXgJn4U0_0.000_10.000
Y-pP61DogSPY_30.000_40.000
Y0F1zmrJb1tI_30.000_40.000
Y0FS8b5CAMp8_150.000_160.000
Y0IkRggWmlfo_0.000_10.000
Y17cA4Gv1BZY_220.000_230.000
Y1Iv2NfqIrS4_21.000_31.000
Y1bmyWAIQ8kU_60.000_70.000
Y20ARmYU0v4I_10.000_20.000
Y2Lr0D12vRyc_20.000_30.000
Y2MXgZDIhMBE_140.000_150.000
Y2VQtwvIo8qs_470.000_480.000
Y2Y0T7yIvKsk_50.000_60.000
Y2rDDBfzFoFE_270.000_280.000
Y32j2ljoJnrs_30.000_40.000
Y3DRjPtu_lPs_1.000_11.000
Y3YRHXBx7M-o_0.000_10.000
Y3faRdcvQG4c_0.000_10.000
Y3wFAf6wVAVM_100.000_110.000
Y3za58UBL5rE_0.000_10.000
Y4CKQdo1ppjs_0.000_10.000
Y4GpYhHH7V7g_7.000_17.000
Y4UOZhV_zU0g_0.000_10.000
Y5CQxRy_KRLg_170.000_180.000
Y5c5Xz7mbQcA_20.000_30.000
Y5vgZPDEI0Xo_130.000_140.000
Y6AIQWsPfoVg_50.000_60.000
Y6Tc-PG_aE9k_0.000_10.000
Y6mZSpGpIy-M_0.000_10.000
Y7aaCPJACSg4_6.000_16.000
Y7kSLOXodo5Y_20.000_30.000
Y8ElgFfdm3I4_30.000_40.000
Y8l_rjIsUzdQ_16.000_26.000
Y8mOksvfiImI_130.000_140.000
Y9MOOm2UWqg4_90.000_100.000
Y9a9wO2zHK_0_20.000_30.000
YAeqkD4U_KvU_90.000_100.000
YBIMZ4xizgBc_0.000_10.000
YC08BB39CkeU_0.000_10.000
YCSkW8JWWITY_0.000_5.000
YCeyeVxQTXts_12.000_22.000
YDN0gNwt-XuM_140.000_150.000
YDWZjGH0sXXU_30.000_40.000
YEZolNzNjcEs_50.000_60.000
YEbMfK3MVPYU_0.000_10.000
YF56fFsSYrj8_0.000_10.000
YFLTWUsc03mg_120.000_130.000
YFP1l5Q2DnHU_270.000_280.000
YFc3GdhovCpQ_0.000_9.000
YFf-LWu7Eyag_40.000_50.000
YFl6VgLJBfZI_10.000_20.000
YH0Y9Qmjdtrw_60.000_70.000
YHN8v2mMMc9c_30.000_40.000
YHgNqeUAvbVI_10.000_20.000
YJPtjelwyiyY_280.000_290.000
YK9GDTXuoqp4_14.000_24.000
YKXzsUM_hd04_30.000_40.000
YL-shyM-lAF4_70.000_80.000
YL2YkwcKaus4_30.000_40.000
Y17xCyq_4wvs_440.000_450.000
YTSnq6n8tElo_0.000_10.000
Yg42ecK_5Ql4_30.000_40.000
YdnFtHhbyprM_60.000_70.000
YiUMViXPOP78_130.000_140.000
Y7yeWLEus7OI_80.000_90.000
Y-l8PxqOuQno_440.000_450.000
Y0d8_1lfiU0Q_90.000_100.000
Y0uX3T48TZ-o_0.000_10.000
Y10ka4Hi5ulc_190.000_200.000
Y15MHODWgCm0_460.000_470.000
Y1C0KmX3qjOI_80.000_90.000
Y1VPLtD6f3ww_200.000_210.000
Y2cVWhokonSg_250.000_260.000
Y4Ej40iHrA-Q_300.000_310.000
Y4iAdrVeCMZg_120.000_130.000
Y4nOZGodjdJQ_450.000_460.000
Y4qVqsHqlAfU_50.000_60.000
Y5FNOfXHPtL8_110.000_120.000
Y5P5Hw47eHq0_70.000_80.000
Y6pgLixTKuLk_0.000_10.000
Y6qa2gp8O9FA_10.000_20.000
Y7mvN10Zo2mg_180.000_190.000
Y7yj_qBopdZU_100.000_110.000
Y8_H6Pxw2hdI_80.000_90.000
Y8zgQgREF1rA_210.000_220.000
Y948s7w-mFs8_460.000_470.000
Y9vnCi8nepzY_10.000_20.000
YAaeemnJDijQ_300.000_310.000
YClD5nZPCYpo_340.000_350.000
YDJ67WIInEfQ_190.000_200.000
YDshGlHW-Gso_470.000_480.000
YEsPtgM0aEtI_90.000_100.000
YG-HHDd9iGBk_0.000_10.000
YGH_MVIMQFHM_0.000_10.000
YIISdb2xY1c8_70.000_80.000
YIM7fC7cC-0s_90.000_100.000
YJuRJ472fUnk_100.000_110.000
YLWzfyt3e5Z8_40.000_50.000
YMGDY9Vzb7aU_320.000_330.000
YN3K9gKi72D8_0.000_10.000
YOggnKrdzaQw_110.000_120.000
YPmxd_5MzMOU_360.000_370.000
YQ82Zx2To3p0_274.000_284.000
YRKJ92g6Rlbg_50.000_60.000
YS6J_TBsr60w_60.000_70.000
YSfkcX840S7E_340.000_350.000
YTJQ2QmTpdiY_290.000_300.000
YTysWRPM860E_360.000_370.000
YUOQK9dEKpwU_30.000_40.000
YV0ML6ZWxKtY_30.000_40.000
YVvDxsU8fX-Y_70.000_80.000
YWYOZOVeL38I_400.000_410.000
YWwwwbUrBLbQ_180.000_190.000
YXkhekLeZL0Q_120.000_130.000
YXlFk0McqRS0_230.000_240.000
Yhtox2pJ-XVs_190.000_200.000
Y-3k1Xl7eriw_140.000_150.000
Y-5SglSseBko_180.000_190.000
Y-6XpcYja_QQ_210.000_220.000
Y-BvlRNfCz1w_50.000_60.000
Y-EvFB12zCk8_30.000_40.000
Y-H8nh3Z1__M_170.000_180.000
Y-HyhSn6rU8A_100.000_110.000
Y-T5KPWf0llU_110.000_120.000
Y-_UM0h1qcBM_40.000_50.000
Y-aHF0scCGc4_470.000_480.000
Y-fy0rQoumZ0_230.000_240.000
Y-klrkvfrYXU_70.000_80.000
Y-rQOBpBoyXw_220.000_230.000
Y-toGk_oBULM_330.000_340.000
Y-uIrOdeAZbQ_10.000_20.000
Y0R06GmUsGww_40.000_50.000
Y0Tt-SGltms0_480.000_490.000
Y0_zh25VgrPY_50.000_60.000
Y0hy1fvEH4Zs_30.000_40.000
Y0kLEZglWPAI_230.000_240.000
Y0yFZ4mGgqgk_90.000_100.000
Y10orprocVRw_360.000_370.000
Y16YYTRJavNE_110.000_120.000
Y1GUZ1qlXK8M_70.000_80.000
Y1MMFztEi-Hk_240.000_250.000
Y1f4p0vedfI8_220.000_230.000
Y1j3EdSOu7ME_30.000_40.000
Y1np6pFWeYNE_200.000_210.000
Y2HKrcHOigTU_130.000_140.000
Y2P_Yh66CIhY_20.000_30.000
Y2U6WeaRLEds_140.000_150.000
Y2X6NE7dA1vw_200.000_210.000
Y2aPtGGf0AEg_290.000_300.000
Y2njW17xoQHY_40.000_50.000
Y2sX5a11I5UQ_480.000_490.000
Y2tX_nAyRSp0_130.000_140.000
Y3EJ5Yf5hkx0_150.000_160.000
Y3KRWwv1B1bc_130.000_140.000
Y3Y-bKlz6yDY_340.000_350.000
Y3aau8XlZ6rk_110.000_120.000
Y3rn-t1PF84A_80.000_90.000
Y3sNrNlVxMu8_110.000_120.000
Y4Q37R8tiQUo_370.000_380.000
Y4Xvbqxv8DTg_330.000_340.000
Y4_yLxXvtm9s_90.000_100.000
Y4aeWOVHDPoU_580.000_590.000
Y4h1GQECU4GM_330.000_340.000
Y4nm2U07swz0_40.000_50.000
Y4qcrawQOVTM_260.000_270.000
Y4sHNykqZDNE_10.000_20.000
Y4xIq6W9b4jY_60.000_70.000
Y52dupxkQbFo_260.000_270.000
Y558YuvyAoao_50.000_60.000
Y57L82bDE3qw_360.000_370.000
Y585sVgKWYHg_130.000_140.000
Y5EZwT9M5pSA_60.000_70.000
Y5IDCyA2GDgs_30.000_40.000
Y5S85tBSOyWE_170.000_180.000
Y5VRQeBUWq6Y_50.000_60.000
Y5dI6uTc-ELo_240.000_250.000
Y5fg4OOQEHgA_40.000_50.000
Y5ioGzyY8bU0_130.000_140.000
Y5rq2cNIJjDY_100.000_110.000
Y5ySPLstciNg_130.000_140.000
Y65IrP6p0D0w_40.000_50.000
Y69HgDj5ObUE_380.000_390.000
Y6EeyngaELKA_0.000_10.000
Y6Jec5pP8JKQ_70.000_80.000
Y6P6a4R2uZFI_10.000_20.000
Y6RdolW1mrGY_60.000_70.000
Y6_ADEY85YME_110.000_120.000
Y6fxpVuxEHW4_380.000_390.000
Y6giZCLr_kHQ_110.000_120.000
Y6i7qgb6DDEw_350.000_360.000
Y79se-Y2lBQ8_50.000_60.000
Y7LPUszo1Iik_50.000_60.000
Y7wi2e54glEM_180.000_190.000
Y7zXcQDhtZDs_210.000_220.000
Y83Txe5EAijU_260.000_270.000
Y8FdSTXcdd_I_90.000_100.000
Y8KuJppQ-eYo_60.000_70.000
Y8ajbjZHEE84_30.000_40.000
Y8sVHU5ZS5zA_30.000_40.000
Y8vH-7eaPSuQ_110.000_120.000
Y8xGTYSfiOho_70.000_80.000
Y90WHXVizpa4_560.000_570.000
Y99OwHVyV-TU_110.000_120.000
Y99cwh996lpU_540.000_550.000
Y9Bac9Hg6ix8_200.000_210.000
Y9F8Ea-D4s2s_350.000_360.000
Y9QYrSEuK2y8_80.000_90.000
Y9fp-9qML6j0_0.000_10.000
Y9wjb1AfkAns_230.000_240.000
YAhopgeu0JLY_60.000_70.000
YAuM1rU__KQA_360.000_370.000
YB40LYUDQXsI_220.000_230.000
YB4d09kEOrS0_40.000_50.000
YB6ggNg0zh7g_50.000_60.000
YBi6KCe9AM30_150.000_160.000
YBkUdwj5JR0Q_20.000_30.000
YBwJgOCnwsA8_80.000_90.000
YC2ZwwKIThvU_10.000_20.000
YC6G6Clcqhvs_170.000_180.000
YC8NPjvCLGak_20.000_30.000
YC9cqgHZeGxo_170.000_180.000
YCFyKc5-3BF0_420.000_430.000
YCG6PGt5GazM_0.000_10.000
YCH4_LVdfV8Q_30.000_40.000
YCKZ6cyVKQEw_120.000_130.000
YCNRLrz9xUwY_30.000_40.000
YCYLZnd9SB7Y_40.000_50.000
YCePd0H0KpUU_30.000_40.000
YDJ1T9Es0htI_310.000_320.000
YDLFIy38xCB8_150.000_160.000
YDgElEEFPRaE_570.000_580.000
YDoW-vPhJbK4_60.000_70.000
YDptBcsuywGc_90.000_100.000
YDvgyFP7jxh4_70.000_80.000
YDxLsuLSwPXg_40.000_50.000
Y--L9-DQKtlk_250.000_260.000
Y-0RUcq5tkNU_60.000_70.000
Y-tF2I8HmsHg_0.000_10.000
Y-dpI6JsEyLs_370.000_380.000
Y3MvZNrzT_yY_230.000_240.000
Y_M6meJksXGE_70.000_80.000
YJlR9YiI_Spo_30.000_40.000
YOFPWxYhuqkM_30.000_40.000
Y-64ZmjOBlE8_20.000_30.000
Y-JP_MEol_8I_60.000_70.000
Y-SxC_hWxr8E_80.000_90.000
Y-ZZ16CynYAU_40.000_50.000
Y-_SpAZLpoWw_130.000_140.000
Y-yJiF8j1mBg_40.000_50.000
Y0-_qA6N0U0U_130.000_140.000
Y0aFcKmzH5uM_70.000_80.000
Y0cnz5UnKhVQ_20.000_30.000
Y0dGRxCpfAAU_330.000_340.000
Y0efD01_zD8o_20.000_30.000
Y0m3vVvKpVQg_0.000_10.000
Y102JJRQMSWI_330.000_340.000
Y154QbSZVTgw_30.000_40.000
Y1Q2KE92L738_40.000_50.000
Y1WI4qtcajVE_60.000_70.000
Y1kBcy6e8C6U_10.000_20.000
Y1l2JCxeQzz8_190.000_200.000
Y1oHc2z4CcQE_170.000_180.000
Y1xXFh-z674c_0.000_10.000
Y28RybnaaruE_40.000_50.000
Y2A0V2P_k54o_140.000_150.000
Y2Cwb4A7_BKU_520.000_530.000
Y2UEONa82Uqc_440.000_450.000
Y2aOxQ7yhhcs_490.000_500.000
Y2az5_nabV6Q_280.000_290.000
Y2j5WqXOAQFc_290.000_300.000
Y2lpy_JOBHLM_150.000_160.000
Y2nW29N2td3w_10.000_20.000
Y32YmhSSVU4U_30.000_40.000
Y34LsZwq04uo_190.000_200.000
Y37zZvSkYhO4_0.000_10.000
Y3HO5aMVbsRI_210.000_220.000
Y3vphosRD_Uk_40.000_50.000
Y4BDeI3b0Nyc_40.000_50.000
Y4O6LOE7kQJA_240.000_250.000
Y4kT1BaFHza0_50.000_60.000
Y4n7O0dJ3pmE_0.000_10.000
Y5aE_ARYhtgY_30.000_40.000
Y5hRL4oBRP7E_10.000_20.000
Y5yFBvLbq1XA_30.000_40.000
Y6IfLsA7TAyE_30.000_40.000
Y6UDbuFKXaR0_10.000_20.000
Y6UgKM2GQR-I_20.000_30.000
Y6nxejjU5uP0_50.000_60.000
Y71cT7xAs4VI_50.000_60.000
Y72_3uEVpP1k_140.000_150.000
Y7kdT0XUlUR4_120.000_130.000
Y7p46zniZmQo_150.000_160.000
Y8-8j3bdea70_240.000_250.000
Y8FNGAEJom4k_70.000_80.000
Y8X4RhPRTYQk_220.000_230.000
Y8fhjIpCeRs8_30.000_40.000
Y8hL72rmg56U_50.000_60.000
Y966jA2-z0mQ_340.000_350.000
Y990kimBvy1U_100.000_110.000
Y9aN9xCyWw8Q_190.000_200.000
Y9fLNaTP3gps_10.000_20.000
Y9mZZGZzzZvg_190.000_200.000
YAZmZ6kfHm1M_10.000_20.000
YAa_maNDcSOw_510.000_520.000
YAjGA2F4q6uk_470.000_480.000
YArSkEp-eSGA_30.000_40.000
YAxt_nGcrTR8_500.000_510.000
YBHzi0r-mghI_30.000_40.000
YBKSjAQdCpHQ_60.000_70.000
YBMDKkCbuzhg_260.000_270.000
YBSUZp6JIM38_160.000_170.000
YBbFqr4n4IZA_120.000_130.000
YC6Ljue5PzIU_240.000_250.000
YC7Cf1q11zRw_530.000_540.000
YCAPCNEViaeo_30.000_40.000
YDC9p-KcYyPE_100.000_110.000
YDMtxOWGoerQ_400.000_410.000
YDPHu5KujHNc_70.000_80.000
YDanK-ZvjgN4_0.000_4.000
YDgFHRdGc8uQ_20.000_30.000
YDzsmK2kM-5U_30.000_40.000
YEDAJyMTNzdU_0.000_10.000
YEF8kEq-kgWE_220.000_230.000
YF86r24n2tRg_30.000_40.000
YFBmIdVwK4d4_90.000_100.000
YFRho6fbN91k_410.000_420.000
YFfKGh8AIuSQ_220.000_230.000
YFmhReQEt-eg_30.000_40.000
YFofzmaOwL9I_20.000_30.000
YGCETAb5PT7I_0.000_10.000
YGaVEjL__sc8_40.000_50.000
YGr8s4MZs0Fo_110.000_120.000
YGx_Tfbrmfvs_80.000_90.000
YHZ2E6E_9Im8_60.000_70.000
YH_KNJ52nAiM_0.000_10.000
YHclaeqlHtAI_450.000_460.000
YHgAWCQ5fvaY_30.000_40.000
YI1Qr1n4gyik_150.000_160.000
YIBZM13fbFHI_150.000_160.000
YIWO1f7E0CF4_40.000_50.000
YIYie9f5Zoi4_110.000_120.000
YIZmZEQiMQXo_70.000_80.000
YIrDw7HMy630_120.000_130.000
YJGUGlVTs2-M_410.000_420.000
YJSfuu1BOwRo_0.000_10.000
YJjrgFhpGlB8_70.000_80.000
YK8hvtDv4Pu0_360.000_370.000
YKRPlcAANvn0_120.000_130.000
YKWYMHBrFzko_110.000_120.000
YKWxy6GNZIOM_10.000_20.000
YKaTlXvarwgc_10.000_20.000
YKaZqY164XkE_30.000_40.000
YKkNOG6LDB08_110.000_120.000
YLYcW_eTDHQU_13.000_23.000
YLgVquCHPHP0_0.000_10.000
YLjlszWDz1Js_350.000_360.000
YM5WdAtpjhuE_20.000_30.000
YM5chN5WgE4g_10.000_20.000
YM6redC33XpU_240.000_250.000
YMNnbPAYosw4_290.000_300.000
YNVG6edrUkZE_570.000_580.000
YNhIzjgScWG8_30.000_40.000
YNju5CH-3cAw_250.000_260.000
YO6ANSuo4wqA_500.000_510.000
YO8fDStDVZGc_0.000_10.000
YONh6Jb2MbSo_90.000_100.000
YOUxnwfKtTE0_20.000_30.000
YOk5fxdkbVvY_410.000_420.000
YOvIWDoKqVyo_70.000_80.000
YOz54Auev9eU_170.000_180.000
YPNjr19PWgs8_30.000_40.000
YPUklJ_YM2nY_230.000_240.000
YPWG95GjByFQ_140.000_150.000
YPfc9MUPk0dw_110.000_120.000
YPq2R5Lc0Gms_60.000_70.000
YPsbbXhvgzKU_120.000_130.000
YPsgvPFOr-TM_30.000_40.000
YPt09W6J9Awk_0.000_10.000
YPvH6dGL-N6Y_30.000_40.000
YQQJqRJaYdKU_30.000_40.000
YQlflL9N5IOQ_0.000_10.000
YR6kfdRoG4no_70.000_80.000
YRpPWfr_1GbA_0.000_10.000
YRr2e7xqYDzs_0.000_6.000
YRydJj9VhwPA_30.000_40.000
YS1mcQ3hgKLM_20.000_30.000
YS7_mWTET9to_30.000_40.000
YSagw-Umk5O8_50.000_60.000
YSdxSgz-RrHQ_140.000_150.000
YSo2BdqpfkK0_90.000_100.000
YTVM8-QR64L8_30.000_40.000
YTadbPYUHAvs_130.000_140.000
YU0gtX-O9xC4_20.000_30.000
YUHsYJU1ACQA_0.000_10.000
YUNfv0yWhLoo_80.000_90.000
YV3FZKiKjGwE_50.000_60.000
YVSJKA5dBm1A_140.000_150.000
YQJu-aBoOUVw_170.000_180.000
Y-2FVPRdbLdA_10.000_20.000
Y-F6GfPwjLWo_30.000_40.000
Y-KrDQXnlXRw_10.000_20.000
Y-LnYUCuNUuI_20.000_30.000
Y-NW2pPAToFM_0.000_10.000
Y-YkIP4iqElA_10.000_20.000
Y-dX5RtfumBA_220.000_230.000
Y-fC8_UodWjA_40.000_50.000
Y-nWUVq5s7cM_30.000_40.000
Y-wyF3xGM95g_10.000_20.000
Y-ygqz4jLcsk_0.000_10.000
Y04zOu5UFyo0_20.000_30.000
Y0FXHXCu1lJY_200.000_210.000
Y0HWIjjmpVtY_70.000_80.000
Y0Opn_vz6sf4_10.000_20.000
Y0PcvfVZo9e4_10.000_20.000
Y0ZVdHyRbCCo_40.000_50.000
Y0aZ3vvM4V34_10.000_20.000
Y0fr57nOHOEU_40.000_50.000
Y0gKyoOENUBM_70.000_80.000
Y0iSQ-tdp1mo_40.000_50.000
Y0j9aw8s6s1s_40.000_50.000
Y0mj46Xhzx1Y_10.000_20.000
Y0suFvKAWJnU_10.000_20.000
Y0uIe4dKUC1s_50.000_60.000
Y0xdJWDNLZrE_290.000_300.000
Y0z5TRiOKlX4_20.000_30.000
Y13AbnrWanPk_20.000_30.000
Y16b9HjgnmrY_40.000_50.000
Y1AfCMvhZJVY_40.000_50.000
Y1BEpOomjdIU_0.000_10.000
Y1IgfQE4GT1Q_20.000_30.000
Y1NbkO1auM1U_0.000_10.000
Y1YPjs1CTY2E_0.000_10.000
Y1aNLeVBB9RQ_0.000_10.000
Y1deq0hecAUE_280.000_290.000
Y1hnLcaOlFks_90.000_100.000
Y1sGbBTYBxDg_20.000_30.000
Y1sTktH04-fw_40.000_50.000
Y20nyHEh2HW0_30.000_40.000
Y26-HMlPhve4_20.000_30.000
Y2BwiNhqCOFg_160.000_170.000
Y2ErfX6ZT5pM_0.000_10.000
Y2NP0fuxn-Q8_0.000_9.000
Y2QETzhkbY6E_17.000_27.000
Y2QTH4_WQlgg_0.000_10.000
Y2T4irxX9lGs_60.000_70.000
Y2YrIIOchjLQ_100.000_110.000
Y2cBdAvV0_zs_80.000_90.000
Y2cli1cg7SSA_240.000_250.000
Y2d7dwiGchrg_10.000_20.000
Y2hJBV9mb1CA_20.000_30.000
Y2k0odEpLIkc_20.000_30.000
Y2n4qR03SjnY_10.000_20.000
Y2rbGcfo-k_Q_0.000_10.000
Y3-0K2zuTwl4_10.000_20.000
Y3OBX7R7QzgY_20.000_30.000
Y3P-wkugs3s4_40.000_50.000
Y3RaZ_DvJEsM_0.000_10.000
Y3XZcJfZsVhA_20.000_30.000
Y3YGtfWG_KT8_110.000_120.000
Y3drnEnI8bls_10.000_20.000
Y3lw0xavwWGE_20.000_30.000
Y3mPPyrXA60o_0.000_10.000
Y3rzg4ObzNL0_0.000_10.000
Y3slY8qx8ZeI_30.000_40.000
Y3xDZ-kdGE3o_10.000_20.000
Y46UxneRS0Vw_20.000_30.000
Y4CszE2N1TGw_0.000_10.000
Y4GqZD3eNvIs_30.000_40.000
Y4IF49XmNCaw_50.000_60.000
Y4MILPH5z3no_30.000_40.000
Y4NHy8ARu1cc_60.000_70.000
Y4NZCBEZbIDA_10.000_20.000
Y4SIuuAQ3YLk_40.000_50.000
Y4U9CtLJhpsQ_20.000_30.000
Y4nN9QuT_OJM_20.000_30.000
Y4pgGIwd2wto_20.000_30.000
Y4psMVnfOCIs_20.000_30.000
Y4r8uFqPOpqU_0.000_10.000
Y4tj_DVfp0ME_10.000_20.000
Y4ur5pqQkYGU_30.000_40.000
Y4yiwdZ3LsN4_60.000_70.000
Y4z2LSoUlWYk_180.000_190.000
Y52l9n3JCtSk_60.000_70.000
Y53jtALXeS7U_40.000_50.000
Y53ktQBZmxUM_0.000_10.000
Y59UL9Up9a3o_90.000_100.000
Y59oDk6IRkB8_10.000_20.000
Y5EcrQhp7We0_40.000_50.000
Y5MXhhFv6AMo_70.000_80.000
Y5Xi_j-8fpnA_190.000_200.000
Y5bIuMNKRpTk_10.000_20.000
Y6-Ok_3WzP5k_30.000_40.000
Y64coFYUI4f0_180.000_190.000
Y67GyakZWaFk_0.000_10.000
Y6F-1DUQjoGY_220.000_230.000
Y6IIDZWPcSd8_0.000_10.000
Y6L6A0CxinL8_10.000_20.000
Y6MBc6UrEv5Y_0.000_10.000
Y6MGkrvH8Ntc_10.000_20.000
Y6OTNz254tQw_70.000_80.000
Y6U7HcpVhQ1A_0.000_10.000
Y6YKWV3Hcsp8_10.000_20.000
Y6fUn9gGkTIo_10.000_20.000
Y6gtQ1amk3sk_10.000_20.000
Y6iK8csUljY8_30.000_40.000
Y6iZ5R_J9wKI_30.000_40.000
Y6lor4r7k4As_20.000_30.000
Y79y6PHjXnd8_10.000_20.000
Y7Eumr8sgq9I_30.000_40.000
Y7HakzscblZY_30.000_40.000
Y7Q0qcvdL7bc_80.000_90.000
Y7TSU0B2adAM_20.000_30.000
Y7__8AVfo2bk_30.000_40.000
Y7cgTsdhfn7s_20.000_30.000
Y7ih9QYtw9ko_10.000_20.000
Y7ue5N_tH-jI_0.000_9.000
Y7v9h0tZXwu0_0.000_10.000
Y7w8SF8dYNFI_10.000_20.000
Y7xZxYm27FdA_20.000_30.000
Y7yskaISnJM8_20.000_30.000
Y85pI1yQAV98_70.000_80.000
Y879C2PIaagw_20.000_30.000
Y88P_mdXElVU_10.000_20.000
Y88nqjULENCk_20.000_30.000
Y8ALWgLQx7Xo_20.000_30.000
Y8OTPu7DH0VI_0.000_10.000
Y8PJoXe_XFe8_30.000_40.000
Y8cR_Xq27Gbw_180.000_190.000
Y8kekGAzvdlc_20.000_30.000
Y8uhjObBGV-w_60.000_70.000
Y8yfRH5pzHDo_30.000_40.000
Y917aqwF8aAM_100.000_110.000
Y9HTVgGYken8_100.000_110.000
Y9IcLueWEQIc_20.000_30.000
Y9K8GZMG1QJo_0.000_10.000
Y9XAvzOnkZhM_0.000_10.000
Y9YHKI1kla2I_30.000_40.000
Y9mlC9bC0ZjA_30.000_40.000
Y9rcj35XGKWA_80.000_90.000
Y9uZM6I0gFX8_120.000_130.000
Y9ykOLkdw4Vw_70.000_80.000
YAVuLYVe77Fg_10.000_20.000
YAXY-pAhVEUc_20.000_30.000
YAZbwdHIhyTI_12.000_22.000
YAbt-fZfXT3g_10.000_20.000
YAdT_D9X6sXw_40.000_50.000
YAj5uXT-2Mps_60.000_70.000
Y1GAKaKWyPzA_40.000_50.000
Yhx-l6uiP3Hs_170.000_180.000
Y-1TeQpwlZGs_9.000_19.000
Y-3G-bs5JaW8_100.000_110.000
Y-3WtffZs4rk_30.000_40.000
Y-8kh4JEvkzw_0.000_10.000
Y-8myqx-cnlc_500.000_510.000
Y-OMdnou20dc_30.000_40.000
Y-SPr6nTlav0_170.000_180.000
Y-m5YF2UJeVw_70.000_80.000
Y-mRxPWXrSsY_280.000_290.000
Y-pBsdyP12ak_510.000_520.000
Y-qaeakbiv0U_430.000_440.000
Y-t3DMClxaIo_10.000_20.000
Y-zD_Aj1ch-o_100.000_110.000
Y0F_RFWvp8cY_270.000_280.000
Y0GSBomNmZxI_30.000_40.000
Y0UO35uIOrhg_50.000_60.000
Y0UwvVY2kc0E_40.000_50.000
Y0V_O6i9tqrw_260.000_270.000
Y0_Jhvi8PQR8_20.000_30.000
Y0o-DD4GwohU_110.000_120.000
Y0yCFCh8e10Y_10.000_20.000
Y18Upv_ZinJ0_90.000_100.000
Y1KXOr7ZoUXQ_480.000_490.000
Y1NGbZ7DAMe4_150.000_160.000
Y28WMzKS8Mvg_40.000_50.000
Y28c_azOmujY_20.000_30.000
Y28ggvtWJIz4_40.000_50.000
Y2BdRnFt3tSY_180.000_190.000
Y2Cv0_9ezILU_30.000_40.000
Y2KdHeWz8utE_60.000_70.000
Y2Lg4zowpNxE_30.000_40.000
Y2M9-lt6hXJc_60.000_70.000
Y2VMS64fFJps_170.000_180.000
Y2Vr7nMFnECk_130.000_140.000
Y2WP8Vmkdv_Y_180.000_190.000
Y2eBQV6mzMfs_160.000_170.000
Y2nFGzlJzxEU_260.000_270.000
Y2oBqMCzlIKI_50.000_60.000
Y39I0igiJeDU_30.000_40.000
Y3GcT21hdxLk_260.000_270.000
Y3MYe_RF-Rq8_50.000_60.000
Y3QFIGPvCD9Y_10.000_20.000
Y3Qtrq7mNpRk_30.000_40.000
Y3d0dg7tCqSc_250.000_260.000
Y3qYR12TI9Ic_180.000_190.000
Y3yJv3ElMC4E_160.000_170.000
Y41TTeZMRpzs_30.000_40.000
Y435H0Ai36E4_40.000_50.000
Y49C15x4FItg_200.000_210.000
Y4ITETcfpgSs_0.000_10.000
Y4SnjARXXyTo_20.000_30.000
Y4f9OKlHoBsk_40.000_50.000
Y4kPq4Ff9HiA_90.000_100.000
Y4nK9l8Fv2wA_30.000_40.000
Y4nspa-Lpt6g_170.000_180.000
Y53SjXeMwmr4_0.000_10.000
Y56zWNCGDOcU_180.000_190.000
Y5GT_Wg6XQC4_30.000_40.000
Y5M8JlZNtw0w_20.000_30.000
Y5U2ZiMVHMxg_200.000_210.000
Y5XtIFruvd7I_40.000_50.000
Y5_cdDjdyILo_160.000_170.000
Y5oa7_VkvDiM_160.000_170.000
Y5p9pergm-Ko_0.000_7.000
Y5slzmsYMlpA_29.000_39.000
Y606sfRcQYA8_90.000_100.000
Y6I89c-rrY44_300.000_310.000
Y6NWpyI8ZC7o_0.000_7.000
Y6VCV28rzgM0_590.000_600.000
Y6a2OyetkL0c_180.000_190.000
Y6agI5a-5TGY_270.000_280.000
Y6g3ZMgNYE6s_10.000_20.000
Y6kD5Ya6JUbQ_350.000_360.000
Y6mBfajqi1pg_560.000_570.000
Y6nkN-bp_D7M_90.000_100.000
Y6qGCOVxywo4_60.000_70.000
Y6wzuvIz_91g_70.000_80.000
Y7-BcamGuceQ_160.000_170.000
Y75LSDHinDBw_100.000_110.000
Y7JGUpM_YqTA_20.000_30.000
Y7W_nNAwMKfk_110.000_120.000
Y7c_cjaVe_h0_0.000_10.000
Y7tQSdALRYxI_0.000_10.000
Y80LZfdjdcfM_80.000_90.000
Y83M4YuLzP8Q_0.000_10.000
Y83hygpk4VKY_120.000_130.000
Y86eQxmsjwM4_310.000_320.000
Y86rBaUnvabk_40.000_50.000
Y8EE7q8Gn5-s_110.000_120.000
Y8ENkXXxH0ek_300.000_310.000
Y8JMFVd_3Fq0_60.000_70.000
Y8e6ha9wOsl0_30.000_40.000
Y8z6UjJACNLE_10.000_20.000
Y97_dBJobzaE_50.000_60.000
Y9FcBsEzihqI_80.000_90.000
Y9KhDXUt5IoM_370.000_380.000
Y9ige_Pfo-2Q_30.000_40.000
YAgPBflnMOss_90.000_100.000
YAkZ84GRil04_210.000_220.000
YAuCSBtuEI-k_40.000_50.000
YB3MAJqFGdus_190.000_200.000
YB6uxhGolQpo_320.000_330.000
YB8Xv04otTos_30.000_40.000
YB9heGupPnrA_210.000_220.000
YBq7pJ8J8iQ8_40.000_50.000
YC4bCoIfF0t4_50.000_60.000
YCCywFuWAucg_30.000_40.000
YCGJr6Pz-p0U_10.000_20.000
YCQEYmvZRDtM_40.000_50.000
YCRWYic9kggY_50.000_60.000
YCb72bJyShuM_450.000_460.000
YCgGDTDmu6Qk_30.000_40.000
YCpCFkvPZSyo_90.000_100.000
YCsHx08b_Mmo_70.000_80.000
YCutZRlwZcZU_30.000_40.000
YD2JDmgsq71s_350.000_360.000
YD4gbzWirkwQ_70.000_80.000
YD7kuwMAGHbY_40.000_50.000
YD9LaKlgNuhs_120.000_130.000
YDG89TFpzMmg_20.000_30.000
YDK-7X3oSVoA_90.000_100.000
YDL00Q-Qu8sI_420.000_430.000
YDNSbY2bKAyE_10.000_20.000
YDSFaOuqH8lA_160.000_170.000
YE-mM8vAFS-c_70.000_80.000
YEAPXZYrMD38_140.000_150.000
YEFtHGHtwF1A_0.000_10.000
YEP-K9Os-OiU_50.000_60.000
YEZ5m9JARwBM_30.000_40.000
YFDNj1d8V-9g_40.000_50.000
YFDcbH82VwxI_23.000_33.000
YFHYgU1-ayM0_30.000_40.000
YFOcS12s5mmI_20.000_30.000
YFawyLfqTsqs_230.000_240.000
YFk8y6-wbBUk_20.000_30.000
YG2ZxMFzGtws_130.000_140.000
YGrD9MBHKnNI_190.000_200.000
YHluxd7Vtzro_20.000_30.000
YHn1UNGYvikE_130.000_140.000
YHpt4oDpqQ94_30.000_40.000
YI2jVlVaFyD0_0.000_10.000
YIXcSKIcwWLE_90.000_100.000
YI_GAhp3M4kQ_0.000_10.000
YIb7cg0gudCs_170.000_180.000
YIl2uf1KAnt4_0.000_10.000
YIlVuPQ11gzM_120.000_130.000
YIqJ2JGeJiQw_190.000_200.000
YJHY4kY-D7U0_440.000_450.000
YJPUb0c4hUgY_490.000_500.000
YJTk_7jVeW64_0.000_10.000
YJqNqA2olQeY_60.000_70.000
YJrMC4UZxulw_110.000_120.000
YK68PjrSv1zY_0.000_10.000
YK8pU44rsLJY_150.000_160.000
YKH22JqqjVA8_30.000_40.000
YKOFrb2VOnqA_130.000_140.000
YKWfj_tzrlxM_90.000_100.000
YKqa-iC4cuMs_370.000_380.000
Y1Nw-fC0gk9o_120.000_130.000
Y1SpHjTw56jg_260.000_270.000
Y23pAYyzCnU8_520.000_530.000
Y257OKP3ZLD0_30.000_40.000
Y2O_mVjMFsuQ_340.000_350.000
Y57q1DKPOLYg_40.000_50.000
Y5ohCslwvxdw_40.000_50.000
Y5rmbkTrYSK0_90.000_100.000
Y6QExD0uUMOs_20.000_30.000
Y6Y92C4qnFPk_130.000_140.000
Y6ZEtbX95qYo_190.000_200.000
Y6zcz_gJkbmQ_120.000_130.000
Y8XVCewPZYz4_420.000_430.000
Y8o-Y4QP8LWs_280.000_290.000
Y8vuTgV73O2o_390.000_400.000
YBc2wI4c2wBI_180.000_190.000
YC7D1GjuDQVA_120.000_130.000
YCJqlLZZano4_290.000_300.000
YCfij00R-8Zs_280.000_290.000
YDBYzZp1jOro_200.000_210.000
YE1CXRMewTCk_200.000_210.000
YEOEVEf6q_Ms_150.000_160.000
YF9f9caaxmm0_370.000_380.000
YG25fk1hnP30_260.000_270.000
YGBPwN9NOMVo_280.000_290.000
YGIS6MmZwP5g_30.000_40.000
YGRpuXhXjAmk_290.000_300.000
YGUk84jnXRBQ_200.000_210.000
YGr1Ktuy5zq8_150.000_160.000
YHQ40IvZOFUo_210.000_220.000
YHzcT5VgB9uw_60.000_70.000
YIMrI0TfCnVw_420.000_430.000
YIN8pk34_S_k_0.000_10.000
YIdGB-Q2p-eM_30.000_40.000
YJ6Dkx5KSfPs_520.000_530.000
YJ9TypJdxLcI_90.000_100.000
YJQphdZQRTs4_40.000_50.000
YJT4g4usFWiI_50.000_60.000
YJZ9Tpv6h1pA_50.000_60.000
YJiur7qz3NU8_50.000_60.000
YJyzNt1JKAiw_530.000_540.000
YJz9r4H9kaTI_170.000_180.000
Y1oc7Z8x1WBk_570.000_580.000
YAi8bBqbdB0g_210.000_220.000
YAq9QPtfMuO4_110.000_120.000
YV4_KDsLM374_190.000_200.000
YVkjF5L9rE1g_180.000_190.000
YdLidU5Z0sFk_260.000_270.000
YdagkkN0WlTQ_120.000_130.000
YeqfEs_qSGHY_300.000_310.000
YfR5heE6goDA_10.000_20.000
YfrHnRirNcZ0_90.000_100.000
Yhl-NvOd71qU_30.000_40.000
Yhsia3i4zens_140.000_150.000
Yhy__agulHvg_200.000_210.000
YkzRJqZrjUX4_380.000_390.000
YlDDJMPAevBg_270.000_280.000
YmRDg0StdLrE_190.000_200.000
Yo0SriWFnPZc_0.000_10.000
Yobc8GSP43ww_120.000_130.000
Yp53Z0kRu3wA_320.000_330.000
YpSWPHSz6jHE_30.000_40.000
Yqa9pb77jMQg_120.000_130.000
YsRlBSp0r0dg_150.000_160.000
Yv2YA8-WMI-w_10.000_20.000
YwqQU8VXGyS0_390.000_400.000
YxvgPSItdFXw_270.000_280.000
YyDw1Swpj_-w_100.000_110.000
YyTXesz-KMhg_360.000_370.000
YzHlwnVWBQaQ_260.000_270.000
YzJZWoYzSrIM_140.000_150.000
Yh-lpXjQeZII_120.000_130.000
Y02MGx1Vh9c0_240.000_250.000
Y4pA2MFiec8k_530.000_540.000
Y9PZiMMd5hwg_450.000_460.000
YG-YrqazRGTo_90.000_100.000
YH7HYiXScU7k_540.000_550.000
YPjRYAwDxo6I_80.000_90.000
YUKoIkTJGZLg_0.000_10.000
YURyhcd-H3lY_180.000_190.000
YUW0vfC5UjQg_140.000_150.000
YiDBWBvuYOQk_30.000_40.000
Yqc61mzzSIxM_30.000_40.000
YyfSco9z1fpw_190.000_200.000
YyixVwsu3pvc_40.000_50.000
Y--PG66A3lo4_80.000_90.000
Y--zDqIhJ-EM_10.000_20.000
Y-Gdjbsouiqo_10.000_20.000
Y-GnxeX-Gw_8_190.000_200.000
Y-H9M6cZGd18_110.000_120.000
Y-I2UgD8y7lA_230.000_240.000
Y-J2fAN0dXLU_140.000_150.000
Y-JE4GYS63ak_100.000_110.000
Y-JxYZ-EK3Aw_10.000_20.000
Y-Ldxo4M2qBs_50.000_60.000
Y-LzsgrGPV6o_30.000_40.000
Y-NCShvdIlTo_70.000_80.000
Y-NYx9Vaxapc_30.000_40.000
Y-NrFeH-kBSM_0.000_10.000
Y-NromfAJyZs_30.000_40.000
Y-OLmAqxvqC0_160.000_170.000
Y-PoXQIZDs0c_20.000_30.000
Y-QH2EBJglx8_60.000_70.000
Y-Qr_nhvqV-k_10.000_20.000
Y-RNPQI3AJMw_310.000_320.000
Y-U5wE-aUpxk_0.000_10.000
Y-XgTqOlMbYU_140.000_150.000
Y-gPM1IQBHkc_0.000_10.000
Y-giS-_vGFck_120.000_130.000
Y-hcdEz54leA_70.000_80.000
Y-j1q_NZkYJ8_500.000_510.000
Y-j8iIjE3ioU_260.000_270.000
Y-ks2n6wyKn0_100.000_110.000
Y-ni8s7HmLCY_180.000_190.000
Y-njqm6R9Tko_50.000_60.000
Y-pe3220aP0A_30.000_40.000
Y-q5KdVI7r-Y_60.000_70.000
Y-rPk13D4s70_30.000_40.000
Y-tw5aRabPXI_180.000_190.000
Y-u280mVOhOQ_10.000_20.000
Y-v_eFkQiviE_60.000_70.000
Y-vca0cL0JCY_50.000_60.000
Y-wW0vFmhpm8_80.000_90.000
Y-z7J3PfyT8o_10.000_20.000
YFJqg0ptX12c_280.000_290.000
YFQcwXIE6k4o_30.000_40.000
YFQhb22pRW_E_120.000_130.000
YFRAb3pvqonA_160.000_170.000
YFRvleC2aAgQ_10.000_20.000
YFSFyNaHyU2o_490.000_500.000
YFTBzkogCYuM_0.000_10.000
YFTPLIbmvoSs_140.000_150.000
YFU9UkaO3rHE_60.000_70.000
YFXs4e1eYDY8_30.000_40.000
YFZpomkrVlho_30.000_40.000
YFkWSk7C2t-M_30.000_40.000
YFl2WJbInWW4_350.000_360.000
YFmWr4r4UrKQ_120.000_130.000
YFmXRonhFnvo_90.000_100.000
YFnTLC9YCPeo_130.000_140.000
YFpBynJqz3Js_0.000_10.000
YFpXE2z4GyBU_30.000_40.000
YFpzedLWPVWk_30.000_40.000
YFqnepB-KZEU_30.000_40.000
YFr82nGYRQ4c_50.000_60.000
YFsm83J5m2rM_230.000_240.000
YFtiCid6rfyM_30.000_40.000
YFwerx8811UQ_340.000_350.000
YFxwwBK2Sdu8_90.000_100.000
YFy-_I-Y2BE8_70.000_80.000
YFy7J7iZnthA_30.000_40.000
YFyRMTU6mkmw_370.000_380.000
YG03wtNUU6sI_20.000_30.000
YG5DON9PJ74c_60.000_70.000
YG6UODYAOZ4s_30.000_40.000
YGCFITdhrss8_40.000_50.000
YGFCLtvLV0LY_490.000_500.000
YGFYq0FjAUqU_160.000_170.000
YGFmQ81h-puA_30.000_40.000
YGFy6y1_5mPo_240.000_250.000
YGHFq4OZX9VQ_60.000_70.000
YGJBWqVDeBvc_0.000_10.000
YGKcsoBxs9QM_100.000_110.000
YGKd-vFn16CY_100.000_110.000
YGKixIHWzIRM_280.000_290.000
YGNeYTuB3zhE_10.000_20.000
YGOTBg4qkOwc_80.000_90.000
YGOhB95euLDE_28.000_38.000
YGQtIANpswgE_28.000_38.000
YGRG09vt8WbY_0.000_10.000
YGRrBSche-n0_280.000_290.000
YGUEfFhcBNPk_10.000_20.000
YGUWT3nKxv5c_0.000_7.000
YGVatVXEHXdo_30.000_40.000
YGVw2MVdduOE_10.000_20.000
YGWPE9_tmwr4_50.000_60.000
YGY014VI5RvI_20.000_30.000
YGYALv0gzFE0_60.000_70.000
YGZRALFBgAUw_450.000_460.000
YG_rAEV6KLv0_0.000_10.000
YGbTzdC4mOtQ_30.000_40.000
YGcENf69rX6Y_30.000_40.000
YGcLZnNZjr4I_40.000_50.000
YGd9DvY6qqs4_130.000_140.000
YGdESUyV549k_400.000_410.000
YGdMvayXPFQ8_190.000_200.000
YGdmEcWMgQ9o_30.000_40.000
YGdyNHBamb04_170.000_180.000
YGf6b_8JtEfo_40.000_50.000
YGfU0J4hOw88_140.000_150.000
YGi2hxPsU8d8_0.000_8.000
YGi3AIGAtpBE_0.000_10.000
YGknJmf_D6Ak_1.000_11.000
YGluHnPC9HHE_310.000_320.000
YGpggSRK-yb0_40.000_50.000
YGpuwgwtMvfI_160.000_170.000
YGqfX29nui9Q_23.000_33.000
YGrktxDOkA78_260.000_270.000
YGui0q9QNOa8_30.000_40.000
YGwKaTZZFsv4_50.000_60.000
YGxjOwp5eDXA_0.000_10.000
YGy2bE9QyU1M_30.000_40.000
YGzZUUE5zJWU_340.000_350.000
YH-CGWrV3oQ0_200.000_210.000
YH0GmtJOnYmQ_310.000_320.000
YH1-FfL2I5Sg_30.000_40.000
YH6UKAZsGMPE_30.000_40.000
YH71peIKrNJ4_420.000_430.000
YH7yAEo6tEvo_200.000_210.000
YH838bcvcMuU_10.000_20.000
YH9ocKqRY2IQ_30.000_40.000
YHCRD6qn7bsE_240.000_250.000
YHDb5T8quY38_0.000_9.000
YHE0y6u8oO6g_50.000_60.000
YHEIQww2SPHU_30.000_40.000
YHEc9nxUpzW4_300.000_310.000
YHFyHaZ1Ls3c_440.000_450.000
YHGXQVkkWMg0_21.000_31.000
YHIc0hDiU6r8_30.000_40.000
YHIhcuUsl88Q_250.000_260.000
YHJ84Jk3WYD0_20.000_30.000
YHJEzjG-Ih68_30.000_40.000
YHL6pYE9VcZs_190.000_200.000
YHLSehqvWAzY_30.000_40.000
YHLhTVHIZm2s_0.000_6.000
YHMnH4nrJKHc_30.000_40.000
YHPPKCfCIqFQ_180.000_190.000
YHPdQy0QrNyU_120.000_130.000
YHQG7inl9noE_20.000_30.000
YHQXHQqMqG3Y_130.000_140.000
YHQwwMSlfAA0_220.000_230.000
YHRza_F8qIcE_20.000_30.000
YHSdDxuZaaVw_200.000_210.000
YHTbvQ0Kbucw_0.000_10.000
YHTsFCVSYNwc_30.000_40.000
YHUx-lC8Eiqc_150.000_160.000
YHYmhzkfw8D4_210.000_220.000
YHZVFNzHyhcQ_200.000_210.000
YH_TzKLgb6jw_30.000_40.000
YH_rXDqxshvc_180.000_190.000
YHakzA1a7sXY_30.000_40.000
YHcI7GdNaoCw_280.000_290.000
YHeEa1GZpUGI_30.000_40.000
YHeWFUIAsy0Q_17.000_27.000
YHga0ONzdH_A_310.000_320.000
YHgywJmsdGLU_0.000_10.000
YHh9TxsoxDaE_30.000_40.000
YHk3e_lcFVSE_30.000_40.000
YHkjHgpNjcxk_30.000_40.000
YHmNoK7fOeGI_550.000_560.000
YHnK-atqtG3w_10.000_20.000
YHr5XjsGDha0_180.000_190.000
YHrwn244jtqw_10.000_20.000
YHsyUnXAof3Y_30.000_40.000
YHuHi2u3Hiak_160.000_170.000
YHuXrp_r1Lgo_150.000_160.000
YI-QMujXmqmY_60.000_70.000
YI17ikd3ON60_110.000_120.000
YI4WiBU53TWc_110.000_120.000
YI4pOnI9vGIY_60.000_70.000
YI5vwnz45QyU_23.000_33.000
YI64qfhp1y68_300.000_310.000
YI78Y4HlnR2I_100.000_110.000
YI8tiE8Bhz5A_110.000_120.000
YI9cliEhMuIA_20.000_30.000
YIDAYmPpGrhc_30.000_40.000
YIEOUYu9Vmyk_20.000_30.000
YIGAyAb8LeWY_30.000_40.000
YIHVyUbTq7dY_230.000_240.000
YIHojOwrlup4_100.000_110.000
YINSGTmRFbXU_20.000_30.000
YINjzmHi6xnM_30.000_40.000
YIQacssJX_Zw_30.000_40.000
YIVdJji2sQMI_10.000_20.000
YI_fJ9kIpylI_10.000_20.000
YI_krJOG_wuI_18.000_28.000
YIa4yQ1xBk3M_40.000_50.000
YIc7fuVg9qf0_40.000_50.000
YIcJN_cPQLr8_70.000_80.000
YIe0fXj670E4_40.000_50.000
YIg6RkDNeCxU_30.000_40.000
YIiiiY0Qatrw_30.000_40.000
YIl4ZJU-C7Sw_14.000_24.000
YIlxWQBPZ5uI_30.000_40.000
YImd0qc1BMCc_30.000_40.000
YIogHBWPo934_10.000_20.000
YIshmv9RnBSs_400.000_410.000
YIuB_X6siahc_30.000_40.000
YIwTl4uH6Ulc_300.000_310.000
YIx0DkoaDvUI_90.000_100.000
YIzP_pxpw5Dg_500.000_510.000
YJ0UIIxc6hYs_140.000_150.000
YJ4CXSMSaRfY_30.000_40.000
YJ4LQOe12Zwg_30.000_40.000
YJ5QQxuSVyr8_20.000_30.000
YJ63vlQl4V2E_30.000_40.000
YJ8O6NH8h0AE_30.000_40.000
Y---lTs1dxhU_30.000_40.000
Y--330hg-Ocw_30.000_40.000
Y--8hipdKBT4_10.000_20.000
Y--8puiAGLhs_30.000_40.000
Y--9VR_F7CtY_30.000_40.000
Y--F70LWypIg_30.000_40.000
Y--OqV2-d2E4_280.000_290.000
Y--P4wuph3Mc_0.000_8.000
Y--QvRbvnbUE_30.000_40.000
Y--SeOZy3Yik_30.000_40.000
Y--Zz7BgxSUg_30.000_40.000
Y--e0Vu_ruTc_30.000_40.000
Y--iFD6IyQW8_30.000_40.000
Y--jGnLqFsQ4_24.000_34.000
Y--jc0NAxK8M_30.000_40.000
Y--v1WjOJv-w_150.000_160.000
Y--xDffQ9Mwo_30.000_40.000
Y--yaQA8d1dI_6.000_16.000
Y-0-jXXldDOU_10.000_20.000
Y-03ld83JliM_29.000_39.000
Y-049JTPTg5Y_60.000_70.000
Y-0A9sun15YA_110.000_120.000
Y-0B-egfXU7E_30.000_40.000
Y-0Bkyt8iZ1I_8.000_18.000
Y-0CIk-OOp7Y_30.000_40.000
Y-0CY5NWBHyY_20.000_30.000
Y-0Hf2I8AFI8_20.000_30.000
Y-0HsrVfb5vc_20.000_30.000
Y-0I89-H0AFo_26.000_36.000
Y-0PrEsytvc0_30.000_40.000
Y-0RqnaXZu_E_30.000_40.000
Y-0ZgTmpt9Gs_50.000_60.000
Y-0bNnlJmBM0_30.000_40.000
Y-0d6GOvAoS0_0.000_10.000
Y-0e6R88diBs_30.000_40.000
Y-0khyUGUoto_30.000_40.000
Y-0pX5r9yfXk_30.000_40.000
Y-0pZsnG1MAI_30.000_40.000
Y-0qYQNxuwBA_30.000_40.000
Y-0v5HO5RQgM_0.000_10.000
Y-104y9LRxT0_30.000_40.000
Y-10fWp7Pqs4_30.000_40.000
Y-122tCXtFhU_30.000_40.000
Y-12_ndzRFRw_14.000_24.000
Y-14BFlDzjS4_6.000_16.000
Y-14k7z6iaYs_290.000_300.000
Y-1BCDEBjtsk_30.000_40.000
Y-1BrkFLHD74_19.000_29.000
Y-1CM33luHD0_30.000_40.000
Y-1HZWgFylMQ_590.000_600.000
Y-1IqjtYVuK4_2.000_12.000
Y-1McjOPUzbo_30.000_40.000
Y-1N_2yXqh90_30.000_40.000
Y-1OKHyQdqNQ_0.000_10.000
Y-1V2ReGbbtM_7.000_17.000
Y-1WdQB0SWIM_23.000_33.000
Y-1XWXa8ZTKw_20.000_30.000
Y-1Ytfr5FzUI_30.000_40.000
Y-1iSrOhFT6I_10.000_20.000
Y-1izfQW5LcU_30.000_40.000
Y-1jJc30Ui6E_570.000_580.000
Y-1oUWvnBBhc_110.000_120.000
Y-1q0XHPxqe8_80.000_90.000
Y-1sGSNmgiPs_4.000_14.000
Y-1uR6toEH3A_60.000_70.000
Y-2-h0qx0w18_30.000_40.000
Y-21RRRHZEWU_24.000_34.000
Y-22plYEwxQQ_30.000_40.000
Y-25LkbSjEos_30.000_40.000
Y-26BIHeqAT8_18.000_28.000
Y-270llYVsL4_30.000_40.000
Y-28FCWAjQH0_30.000_40.000
Y-29mQO6yHrQ_350.000_360.000
Y-2CdXt0-f0I_30.000_40.000
Y-2K0P9FvG1I_90.000_100.000
Y-2LJWaL2PuA_30.000_40.000
Y-2OaVKnwfNw_10.000_20.000
Y-2Pj6EJpsmI_30.000_40.000
Y-2WSzwCWNPc_20.000_30.000
Y-2WeNked2Xs_30.000_40.000
Y-2YWkWhIVtQ_30.000_40.000
Y-2ZbvsBSZmY_2.000_12.000
Y-2cz2qQDmr4_30.000_40.000
Y-2dUvMguNro_30.000_40.000
Y-2fPmEGj2sc_30.000_40.000
Y-2frhUmysu0_30.000_40.000
Y-2gkzyxwQvY_30.000_40.000
Y-2gwQI1bEr0_0.000_10.000
Y-2pyWAnViXc_30.000_40.000
Y-2t-fiMJpLs_3.000_13.000
Y-2ymZrww3XA_30.000_40.000
Y-318TVHvLXA_11.000_21.000
Y-35qBdzN9ck_30.000_40.000
Y-37R-Xq5ZSg_30.000_40.000
Y-3929cmVE20_30.000_40.000
Y-3E4i8VstlA_30.000_40.000
Y-3ISycKdBQI_4.000_14.000
Y-3JDyTB3gG4_40.000_50.000
Y-3M-k4nIYIM_30.000_40.000
Y-3MNphBfq_0_30.000_40.000
Y-3OZ2ybj6Zk_10.000_20.000
Y-3Q-f73enig_30.000_40.000
Y-3Y4NuyZmvA_250.000_260.000
Y-3_RSVYKkkk_30.000_40.000
Y-3d2F1GLG3w_30.000_40.000
Y-3qGt7eDqMU_24.000_34.000
Y-3sP-B8pHHM_30.000_40.000
Y-3y4fXjyCgc_260.000_270.000
Y-3yVqL0DWQE_30.000_40.000
Y-4-Ul3BRc14_10.000_20.000
Y-4411Luywew_30.000_40.000
Y-4JfQPwT4Xw_140.000_150.000
Y-4K0PxznJ4E_30.000_40.000
Y-4UR9rfeBfw_40.000_50.000
Y-4YYAqYJPBA_30.000_40.000
Y-4YlYhzRc_c_290.000_300.000
Y-4ZqNB9w0s8_30.000_40.000
Y-4dh9JhVISQ_10.000_20.000
Y-4gFr9dxpyM_420.000_430.000
Y-4jzVhwjXVc_30.000_40.000
Y-4k2KQXBucU_200.000_210.000
Y-4k8HMetWQ4_100.000_110.000
Y-4klabedM1A_30.000_40.000
Y-4qioYDm1LY_20.000_30.000
Y-4sRxacYBGA_410.000_420.000
Y-4uh9_udbaQ_0.000_10.000
Y-4vQjkVB1Ic_30.000_40.000
Y-4vYvHuiHH8_30.000_40.000
Y-4yen54T63k_10.000_20.000
Y-5-4l1VAMj4_30.000_40.000
Y-5-vQemteOc_30.000_40.000
Y-569X-d9l_s_50.000_60.000
Y-57qvJzYipc_30.000_40.000
Y-5BTWlpSNFs_30.000_40.000
Y-5G8-A2YtEU_11.000_21.000
Y-5GhyWiIDEE_14.000_24.000
Y-5QEN0mzCGA_15.000_25.000
Y-5Qxm0RPoms_30.000_40.000
Y-5S9M6JrRFY_30.000_40.000
Y-5Td7lhFDg0_30.000_40.000
Y-5WNA1pc9bo_30.000_40.000
Y-5Xod4FuzHQ_6.000_16.000
Y-5_2niNiBpE_30.000_40.000
Y-5_jH31JsTA_30.000_40.000
Y-5ahsPliUb0_30.000_40.000
Y-5aqby0UM_s_5.000_15.000
Y-5b8hYDKynA_30.000_40.000
Y-5ddA2hIm8M_30.000_40.000
Y-5hpi8RdpFo_30.000_40.000
Y-5pa9SVuCv4_30.000_40.000
Y-5uuZRObZH4_8.000_18.000
Y-62ngz_cSkk_50.000_60.000
Y-65aTiioa3w_130.000_140.000
Y-668dhzzDQE_30.000_40.000
Y-68L7q5JlL4_30.000_40.000
Y-6CIFnV8UCg_30.000_40.000
Y-6CrVpa-2bY_30.000_40.000
Y-6G4_3pbiak_30.000_40.000
Y-6NlZ9m087w_60.000_70.000
Y-6RFvEE_Vxw_30.000_40.000
Y-6SBxLj2Mpg_30.000_40.000
Y-6TmgHPt5hs_30.000_40.000
Y-6YJpvMHN0o_30.000_40.000
Y-6YfvuDCxqM_17.000_27.000
Y-6YoqXs1e_U_30.000_40.000
Y-6YsMnBIJ-g_30.000_40.000
Y-6e29Ku0Dic_30.000_40.000
Y-6fY_dxXqM8_30.000_40.000
Y-6gMKIIirNw_30.000_40.000
Y-6gOc6sLCe0_10.000_20.000
Y-6iXlO58WKA_7.000_17.000
Y-6k5_z525jU_460.000_470.000
Y-6nJ9yEh6yI_20.000_30.000
Y-6nsM_mOHUM_30.000_40.000
Y-6q7yec9_so_30.000_40.000
Y-6r8fUS0pRo_30.000_40.000
Y-6rrS_4Anl8_29.000_39.000
Y-6sfz8rZ6qM_20.000_30.000
Y-6x3pTPzGZA_6.000_16.000
Y-75E9_DMskM_160.000_170.000
Y-7AQsUscOCI_9.000_19.000
Y-7B8biMUFq8_0.000_9.000
Y-7HVsI-W8Rw_30.000_40.000
Y-7KU-y7gqws_570.000_580.000
Y-7R0XCeic7Q_30.000_40.000
Y-7SUlcf3g_c_8.000_18.000
Y-7TAnCIM3CQ_29.000_39.000
Y-7TlWDuHOII_50.000_60.000
Y-7WlfiIeu_E_0.000_10.000
Y-7Wz4H7uc4g_30.000_40.000
Y-7_wrs-6-gk_30.000_40.000
Y-7ee99NWPUE_9.000_19.000
Y-7f1ljy7nIo_30.000_40.000
Y-7fPnn5PAi4_30.000_40.000
Y-7jJtGYm1_U_30.000_40.000
Y-7lhLBnJtGs_30.000_40.000
Y-7mKTqOQB_E_11.000_21.000
Y-7y2MyFd9p4_30.000_40.000
Y-7yHd8yVL7o_10.000_20.000
Y-8-kuOPyPmA_30.000_40.000
Y-8290BNLsas_180.000_190.000
Y-876WcgwrZw_30.000_40.000
Y-8Dc1y4EQ_E_30.000_40.000
Y-8FNaYomh_Q_20.000_30.000
Y-1ek_e9vKRk_0.000_10.000
Y-32IrasDuMg_0.000_10.000
Y-DovPjyFTfs_30.000_40.000
Y-E4UjVOpH44_330.000_340.000
Y-O4mo_Nyrmk_30.000_40.000
Y-OIY3tRRGwg_10.000_20.000
Y-PIQ6YAgKMw_30.000_40.000
Y-WFgAKVyFB4_30.000_40.000
Y-bZsTPn9IM4_170.000_180.000
Y-kqLcm1nTwY_0.000_10.000
Y-lW-poZdI5Q_20.000_30.000
Y-qIpB_X26Pg_0.000_10.000
Y-s2mcDTgwkc_60.000_70.000
Y07m3-FOJQ-Q_10.000_20.000
Y0844IZkzDRU_40.000_50.000
Y0A3wOOsPvkM_20.000_30.000
Y0Dbm5eJBmOw_130.000_140.000
Y0E0o-8_58fw_40.000_50.000
Y0NT9SQCFUI0_190.000_200.000
Y0P-bPAubx3M_70.000_80.000
Y0PVbVwZK7Co_0.000_10.000
Y0S3kz0Excbs_0.000_10.000
Y0Tj0S7X9N_M_150.000_160.000
Y0XwW5Ci2lFs_90.000_100.000
Y0ZRLe-CeYcw_0.000_10.000
Y0bKyicbt3eE_20.000_30.000
Y0i0h5nK2D_U_340.000_350.000
Y0kOWZTOFZSA_0.000_10.000
Y0tH5P_MASzI_0.000_10.000
Y0xa8pUjSyxg_20.000_30.000
Y1-VpPGGKcO0_20.000_30.000
Y1ABBvjsWWEA_20.000_30.000
Y1AnVKRd0tsU_50.000_60.000
Y1BctuVhLz1A_330.000_340.000
Y1Lqac2Y3UEw_0.000_8.000
Y1P9x_rCAlvc_160.000_170.000
Y1TP1z-Y2fmc_0.000_10.000
Y1Z4QoVbiFIU_90.000_100.000
Y1Zv1QUDFZhU_20.000_30.000
Y1_XQ-YtHAj4_60.000_70.000
Y1ehH96yvEPc_0.000_10.000
Y1irWWMnqT0o_10.000_20.000
Y1n0103Rotoc_30.000_40.000
Y1t63KIS6F4I_70.000_80.000
Y1ua1liKdWTE_180.000_190.000
Y269Bvs-xdgY_0.000_10.000
Y2H7YAgyNp6g_0.000_10.000
Y2Hdp21scrUs_130.000_140.000
Y2YrdbClQARE_80.000_90.000
Y2qgOeAgtWi0_50.000_60.000
Y2tSLXPbJA7k_500.000_510.000
Y2unQ19uFckc_50.000_60.000
Y2wYIy9Osu-I_30.000_40.000
Y35HAjmoNJbg_200.000_210.000
Y3AnX4S2U_z8_30.000_40.000
Y3DP_zIFMURw_10.000_20.000
Y3F1wKJ7oYn4_80.000_90.000
Y3K92wE7AJPM_20.000_30.000
Y3MJgyp7WbJ8_20.000_30.000
Y3MPS1rD7lzs_30.000_40.000
Y3P5WljUWDVo_30.000_40.000
Y3cKyqflPY5E_70.000_80.000
Y3fGA82xboe0_10.000_20.000
Y3hoN30NGgoU_450.000_460.000
Y3jdV7d48U8A_60.000_70.000
Y3qUbjqwGIx8_50.000_60.000
Y3tq4GsKWTQ4_10.000_20.000
Y3uVdX0Yg2Mg_50.000_60.000
Y3ujCBi8VbLc_30.000_40.000
Y40Y08_q9WcU_50.000_60.000
Y441swIz0wuM_20.000_30.000
Y47CvmBEuem8_150.000_160.000
Y4Flvkm6cCD0_0.000_10.000
Y-1ULAOFGdSY_140.000_150.000
Y-AebWIpGu4I_540.000_550.000
Y-C3rrh6dDjE_0.000_10.000
Y-GupnMGk3I8_70.000_80.000
Y-O9D9xY72ZI_0.000_10.000
Y-OS493QXoO0_170.000_180.000
Y-T4R1XPLbqg_370.000_380.000
Y-UcGubz6KME_30.000_40.000
Y-dqVSjWbmlE_80.000_90.000
Y-l3Retcka6Q_210.000_220.000
Y-lRAHCsCM60_60.000_70.000
Y-nFuYXQ41W4_0.000_10.000
Y-pXeK96wsjk_60.000_70.000
Y-san31pWNlA_10.000_20.000
Y00pu8ufecus_310.000_320.000
Y03_K0PKBRKw_540.000_550.000
Y04wkD2fwIYM_200.000_210.000
Y06nBYwH0zjQ_130.000_140.000
Y07VeCQKcrf0_80.000_90.000
Y08UiJeS6sy8_50.000_60.000
Y08nUOn1HAqE_80.000_90.000
Y0CDxgZiYKyo_20.000_30.000
Y0DixzJEVelg_340.000_350.000
Y0HnF2M98m58_30.000_40.000
Y0K3bXBlURV0_30.000_40.000
Y0Ve6AGwuqnY_340.000_350.000
Y0Vmza_2OIJo_140.000_150.000
Y0aJw6Gqai8Q_80.000_90.000
Y0aRx-Dlome8_230.000_240.000
Y0e6O2iDu5qE_40.000_50.000
Y0eNs2WAYGVE_30.000_40.000
Y0ed6lNl453E_10.000_20.000
Y0i9Iav5d0uc_10.000_20.000
Y0jNnNT-3PWQ_210.000_220.000
Y0jZYjTCvxp4_80.000_90.000
Y0n1_x9y7m3w_50.000_60.000
Y0xCPXg5lJeg_30.000_40.000
Y16fyCI3RgIw_140.000_150.000
Y1DS826K4moE_60.000_70.000
Y1Emd2moPfRk_20.000_30.000
Y1Fv96_LGKn4_50.000_60.000
Y1HXLZ3jMClo_80.000_90.000
Y1K4FoHx6Flo_340.000_350.000
Y1OdTtb3dVdA_30.000_40.000
Y1V-v2xC6XRU_30.000_40.000
Y1a1lsqL5gC0_400.000_410.000
Y1eHHBEe6BVk_30.000_40.000
Y1icE61afXcY_270.000_280.000
Y1lPwg6tIVPw_30.000_40.000
Y1ojM0757FEU_0.000_10.000
Y1wwPc-sU48w_340.000_350.000
Y1xNcwgcLjMM_150.000_160.000
Y24pF-xmX5l4_280.000_290.000
Y24tFcX0eJ48_40.000_50.000
Y25p5-gKNe5E_340.000_350.000
Y27TSTZs5gV4_0.000_10.000
Y2EAD-D45wcM_40.000_50.000
Y2H1h6nizICI_20.000_30.000
Y2JdWnTM2phE_160.000_170.000
Y2L3sPKCvvt0_390.000_400.000
Y2OWrYKT7V88_40.000_50.000
Y2Onllc-FIZs_140.000_150.000
Y2P-4c_NnpJI_30.000_40.000
Y2V1tYQFszU0_110.000_120.000
Y2VViwUtqduk_30.000_40.000
Y2WZvis3BOPA_50.000_60.000
Y2_KQUcAoy4Q_50.000_60.000
Y2eHKjprwVuI_460.000_470.000
Y2mepIQTubMU_0.000_10.000
Y30VU1Etmp-4_80.000_90.000
Y32teUvHMaRg_60.000_70.000
Y36p9gmJL0uM_150.000_160.000
Y3ByOsVn5tGU_140.000_150.000
Y3Fbw3eeWw2c_10.000_20.000
Y3GZAZKRB2hM_120.000_130.000
Y3Iq_zXT36LI_520.000_530.000
Y3MQWf11N8XE_40.000_50.000
Y3RbD5ZbKCIo_30.000_40.000
Y3Szm2EsqhWI_30.000_40.000
Y3TpJpyvMUc8_10.000_20.000
Y3VjPijSRH14_260.000_270.000
Y3Y98JQT8yvg_180.000_190.000
Y-1Hu_O-dosg_30.000_40.000
Y-5qzWUgsszA_540.000_550.000
Y-6AI7N3jDVs_300.000_310.000
Y-6gxzS2ydY4_100.000_110.000
Y-A8y9VviC8M_510.000_520.000
Y-BYRsOH220c_20.000_30.000
Y-DFbUZLOaMA_40.000_50.000
Y-Ejdbj6I2W4_0.000_10.000
Y-EwUDjQP0dw_140.000_150.000
Y-Gg_41OZ_X4_580.000_590.000
Y-IgQ4BYBLhc_0.000_10.000
Y-Iq-OpawOWE_14.000_24.000
Y-KKQWNN18dE_260.000_270.000
Y-L5G1KuEvPs_30.000_40.000
Y-LBHWlaxWHc_30.000_40.000
Y-LjSlTMvYkk_390.000_400.000
Y-OChLdShE-Y_30.000_40.000
Y-PxKG8B2bjY_350.000_360.000
Y-Q627jiB2R8_70.000_80.000
Y-Q6vVTbV9Ps_350.000_360.000
Y-SCI9oHQ48U_130.000_140.000
Y-SLFSGPQuXc_12.000_22.000
Y-WLikmgtyw0_20.000_30.000
Y-XGut2JYyO0_0.000_10.000
Y-XqeVWl2Tpw_180.000_190.000
Y-__L3T1Yv_4_330.000_340.000
Y-_x0BL0DWBw_120.000_130.000
Y-a8Xvz4wA30_0.000_10.000
Y-ar8YrKbs0o_60.000_70.000
Y-elXTA-XvSM_0.000_10.000
Y-gjkTeMBks8_50.000_60.000
Y-n5hYIULn18_30.000_40.000
Y-pEkOBGWRe0_0.000_10.000
Y-pxKb7MGnec_40.000_50.000
Y-rwT6vwL3ZU_290.000_300.000
Y-wR66VdEje4_230.000_240.000
Y-wW_nszZCpc_5.000_15.000
Y-xElAkiDkY8_100.000_110.000
Y-zv497BJQTk_20.000_30.000
Y0-KeN5sfo-M_21.000_31.000
Y0-k2doHBhKQ_110.000_120.000
Y00CH-HPHv-o_10.000_20.000
Y04eSkMNRbcE_0.000_10.000
Y05nHWSnbEHQ_0.000_10.000
Y0A6aYHhGWZ4_30.000_40.000
Y0CT140pu8gc_30.000_40.000
Y0HUtP_TTOfw_330.000_340.000
Y0JMJ80Hd5d4_190.000_200.000
Y0K4x8mF-73Q_540.000_550.000
Y0KD638h0zGM_0.000_10.000
Y0RZgxiVJLU0_0.000_9.000
Y0UVybxVapyA_100.000_110.000
Y0VU0xMqlFwc_360.000_370.000
Y0WBD4QBCvkc_10.000_20.000
Y0YH91c9gaDI_80.000_90.000
Y0aX_A_MMKRw_30.000_40.000
Y0d3oGHZohrY_0.000_10.000
Y0dLUBHYQCiE_30.000_40.000
Y0nMq9Pgq3QU_130.000_140.000
Y0nz9Nkd_MgE_330.000_340.000
Y0poMyUX8Jvk_230.000_240.000
Y0rTLZEpTltU_30.000_40.000
Y0vI8XMhHB-M_23.000_33.000
Y0yt7yNQPIs4_80.000_90.000
Y0z7Uj0o2QZI_40.000_50.000
Y1-lijp6qHHs_80.000_90.000
Y10epXJc4Ke8_0.000_10.000
Y133tEfk7AnU_10.000_20.000
Y15IEU1b3yhA_50.000_60.000
Y17zZjOGB-1c_10.000_20.000
Y19XjJonmDbo_10.000_20.000
Y1FKsm7rkEKE_460.000_470.000
Y1FT55M50LUA_60.000_70.000
Y1FVru-IRbKc_50.000_60.000
Y1Gbs_uCx49M_10.000_20.000
Y1HFftvsw_wg_0.000_10.000
Y1IqmSzR_YrA_430.000_440.000
Y1IstJbAps6k_50.000_60.000
Y1JYCH7A312o_0.000_10.000
Y1KoxEKZy5tI_580.000_590.000
Y1Nc42dPNDpQ_30.000_40.000
Y1Q7FtTwzxVE_10.000_20.000
Y1RVaGEVn7m8_20.000_30.000
Y1TvTBzLu5ZQ_100.000_110.000
Y1V-HcQIUItE_0.000_10.000
Y1XMow1fnsPM_120.000_130.000
Y1ZvCbhKx1vw_29.000_39.000
Y1_v3cedYb74_30.000_40.000
Y1aJ9UohVwqo_30.000_40.000
Y1ayn8Zgyj5Y_60.000_70.000
Y1b0-6aHmjsA_110.000_120.000
Y1cOQ3x9-9Zs_10.000_20.000
Y1eGugomDwrI_30.000_40.000
Y1ec6_7rR7Yo_150.000_160.000
Y1eeSHsgzkSk_30.000_40.000
Y1eyfMZ-Ea20_60.000_70.000
Y1gvfciyhfOY_10.000_20.000
Y1jeBw2chBPI_80.000_90.000
Y1nE3qT4wSl4_60.000_70.000
Y1nZXZx22Y2k_10.000_20.000
Y1uCh_nxdA70_90.000_100.000
Y1vXg8Wkelsc_170.000_180.000
Y1xcDoDIrFj0_0.000_10.000
Y2-XB3gfGWPU_330.000_340.000
Y20d4vfH1r7A_40.000_50.000
Y215iqkOpl6A_50.000_60.000
Y232w1SOS_Bw_30.000_40.000
Y25NpATtUwR0_450.000_460.000
Y26NQNb3y7xU_30.000_40.000
Y26RwzvqsXUM_80.000_90.000
Y26lwyhR1n14_50.000_60.000
Y28D6j6U0sPY_10.000_20.000
Y28WAHPukzzU_22.000_32.000
Y29Hoz2SGDA8_80.000_90.000
Y2ANs6ohUsXQ_460.000_470.000
Y2AwPDIzkNns_18.000_28.000
Y2FhCTKOAmKc_530.000_540.000
Y2He2w7av5Zc_50.000_60.000
Y2P8QBJPzIiI_430.000_440.000
Y2QT5REZ8ZYE_330.000_340.000
Y2R0DaPWRLh0_0.000_10.000
Y2R8WHG_DvWI_10.000_20.000
Y2Rn8IqjTycA_580.000_590.000
Y2SzD3wtHZ4Y_0.000_10.000
Y2TV8vi30pl4_340.000_350.000
Y2WjLPF-iei4_340.000_350.000
Y2WnJR6sOGj0_30.000_40.000
Y2X0lSKi67Vg_20.000_30.000
Y2_lxzW4Kc1c_20.000_30.000
Y2bPsTMdiJzk_200.000_210.000
Y2bYsOCCAR2o_14.000_24.000
Y2cjeIzCDqwo_0.000_10.000
Y2dQzoS6Usew_11.000_21.000
Y2dZtzgCCikU_220.000_230.000
Y2dehkZMjijk_240.000_250.000
Y2eb5043Sx0I_20.000_30.000
Y2fpbDwf37vg_40.000_50.000
Y2gY35kJwMy4_110.000_120.000
Y2hbxKYdO_cw_20.000_30.000
Y2iBWD6S5rq8_210.000_220.000
Y2itpBVaSeKY_210.000_220.000
Y2l-A1OXONik_260.000_270.000
Y2m1hSYaMjQE_30.000_40.000
Y2mKEhZ9TfVk_160.000_170.000
Y2oBvEKp8lMo_120.000_130.000
Y2oSP0SN3d2g_150.000_160.000
Y2plhQv1ZUSc_10.000_20.000
Y2vOdftmxyWw_0.000_10.000
Y2vZ9RGIklQI_0.000_10.000
Y3-PlM5X9E4k_40.000_50.000
Y32vnPZOrhDY_40.000_50.000
Y33lp_btkTLA_0.000_10.000
Y34XEPalHGO4_370.000_380.000
Y34mSEAjJdjM_30.000_40.000
Y36RFAar8x_Q_30.000_40.000
Y37CVIU-vlUQ_20.000_30.000
Y380xZzoUkxc_20.000_30.000
Y3A5DeSG6RxY_10.000_20.000
Y3ASwuyRL_50_120.000_130.000
Y3B4kiXkOIlw_10.000_20.000
Y3Bt9Zpx8E4g_40.000_50.000
Y3ByWg8URWAw_40.000_50.000
Y3Eexn6Q-S0g_4.000_14.000
Y3EwizSl_iRQ_80.000_90.000
Y3Gd1yi0fVOQ_20.000_30.000
Y3HBSWJPK8w4_10.000_20.000
Y3I_fyLO4k1I_30.000_40.000
Y3J4wxibK2do_10.000_20.000
Y3JE38JDs_a0_20.000_30.000
Y3MAt69eCH34_0.000_10.000
Y3OUuYg_T3w4_430.000_440.000
Y3Quf6qmNuVA_0.000_10.000
Y3Qwz8aZBFzQ_10.000_20.000
Y3RJB4GYCCww_10.000_20.000
Y3RpafqDcGGU_0.000_10.000
Y3RptyPgUI2A_60.000_70.000
Y3SkJ2Tmzv54_0.000_7.000
Y-KMcTEOuiGg_250.000_260.000
Y-RVrBuGEFNc_190.000_200.000
Y-XHotSY1Eq8_50.000_60.000
Y-aeNwr3wq2g_40.000_50.000
Y-iCHDAh0AOw_40.000_50.000
Y-mGX2wYBZlY_70.000_80.000
Y-sCVcB1tYNo_10.000_20.000
Y-udow2k-2Uk_160.000_170.000
Y-vG9OMJhz58_30.000_40.000
Y05lFALsXhEE_50.000_60.000
Y06S0WuFc0-0_20.000_30.000
Y0DQhXWzvcFs_0.000_10.000
Y0F6IVPQHlCQ_100.000_110.000
Y0HvIFbleLzo_70.000_80.000
Y0KWgyCNBlcE_40.000_50.000
Y0QlQLIvLpNI_170.000_180.000
Y0SmWy_kTHcI_180.000_190.000
Y0UlJGeT9b4g_0.000_7.000
Y0a0Dmj1IvZM_100.000_110.000
Y0vJMZ4wvJTY_140.000_150.000
Y0wRkcrgpFCM_300.000_310.000
Y0zC32X0eNKw_210.000_220.000
Y12q8WQccnrc_40.000_50.000
Y15P9-z_ruWI_50.000_60.000
Y1P37O9vg-tA_160.000_170.000
Y1SrkD5LS9m4_100.000_110.000
Y1TO3lx66-us_70.000_80.000
Y1nTiq6Mw7m0_0.000_10.000
Y21xFcVKvHfw_0.000_10.000
Y2EThfbiXTQ8_100.000_110.000
Y2QPgoaJyP8Q_10.000_20.000
Y2_R1KmFI4ZY_10.000_20.000
Y2beGZyaJirM_40.000_50.000
Y2crRhArl9EA_320.000_330.000
Y2fF-DBzkjZY_290.000_300.000
Y2g1dSdbf2fk_60.000_70.000
Y2hkZUWJZfp8_20.000_30.000
Y2mBaz0FtMy0_220.000_230.000
Y2wDiDVNdFW8_360.000_370.000
Y2xa7bZ3-A_A_20.000_30.000
Y38YM5ezV_Eo_20.000_30.000
Y-20uudT97E0_30.000_40.000
Y-2yygHLdpXc_20.000_30.000
Y-4pUrlMafww_1.000_11.000
Y-7R0ybQQAHg_60.000_70.000
Y-AXUlQNaJb0_40.000_50.000
Y-ENDOYcu-ww_410.000_420.000
Y-Ic7AXv4hH0_0.000_9.000
Y-MuIRudOtxw_30.000_40.000
Y-SE3cHFmC4k_20.000_30.000
Y-U13gX3yTzI_20.000_30.000
Y-WfQBr42ymw_30.000_40.000
Y-cT1k8mONL0_60.000_70.000
Y-g_AcRVFfXU_30.000_40.000
Y-gb5uvwsRpI_30.000_40.000
Y-iAwqlQ3TEk_0.000_3.000
Y-jTCUWWZQLo_160.000_170.000
Y-nJoxcmxz5g_30.000_40.000
Y-pwgypWE-J8_30.000_40.000
Y-sUgHKZQKYc_30.000_40.000
Y0-RnTXpp8Q0_30.000_40.000
Y09YQukdYVI4_30.000_40.000
Y0A-jRMtiSGI_30.000_40.000
Y0Ees8KFCUXM_30.000_40.000
Y0EymGuYWkFk_30.000_40.000
Y0JOdbnmi_Og_20.000_30.000
Y0Nw1OyTsaAo_30.000_40.000
Y0YnOMAls83g_30.000_40.000
Y0_gyUQkLCY8_30.000_40.000
Y0_hnDV2SHBI_7.000_17.000
Y0b24w9l0flA_10.000_20.000
Y0hC044mDsWA_30.000_40.000
Y0kQANiakiH0_30.000_40.000
Y0l1acpkziXE_140.000_150.000
Y0o1aGQAWcQE_30.000_40.000
Y0qC99Z0YeMY_210.000_220.000
Y0rZzd93pUHs_30.000_40.000
Y0uAVQtnXVeM_30.000_40.000
Y0uRLjhAsFGk_340.000_350.000
Y0wdcRK_4fJY_100.000_110.000
Y0zTBKgGKflw_80.000_90.000
Y14U565gmdg4_30.000_40.000
Y17hNGTxg6pU_30.000_40.000
Y1AvYsne1UYU_30.000_40.000
Y1C8Oh2xOkMM_30.000_40.000
Y1CLANjc8jzM_30.000_40.000
Y1DHcsuOeMgE_70.000_80.000
Y1DOYARo3Dwc_30.000_40.000
Y1F8vU7LHe38_320.000_330.000
Y1HUt1HOLaeY_0.000_2.000
Y1M7bb668bm4_20.000_30.000
Y1NzgluE_9lo_0.000_7.000
Y1Wuytc26kQo_30.000_40.000
Y1YyWDHJ3OCM_30.000_40.000
Y1_A742sRonE_50.000_60.000
Y1hQfWYFjrTE_140.000_150.000
Y1iG4kkFxrS8_20.000_30.000
Y1koqIX6Qcn4_0.000_9.000
Y1lFcPooQI8A_30.000_40.000
Y1lekVu44f4k_30.000_40.000
Y1msyXyqRvpY_0.000_10.000
Y-1Hu_O-dosg_30.000_40.000
Y-2CFBsjxxzw_30.000_40.000
Y-2vjhtBImFE_30.000_40.000
Y-39Vd0B4pXw_5.000_15.000
Y-8NsBnMrWNI_26.000_36.000
Y-9Oa2jvNCeY_30.000_40.000
Y-DPFuEk4AKc_30.000_40.000
Y-GWsAdABhFQ_6.000_16.000
Y-HrJRswYxbA_0.000_10.000
Y-HtRQ4ewyd4_210.000_220.000
Y-LjSlTMvYkk_390.000_400.000
Y-M2-Yr7iaKI_1.000_11.000
Y-Q_nVD3fkIs_30.000_40.000
Y-Uan19lIw0M_0.000_7.000
Y-VExWGv9Kh8_30.000_40.000
Y-WOvmITEq44_0.000_3.000
Y-WWD9IcNd64_11.000_21.000
Y-XyPlsoO_eA_13.000_23.000
Y-ZIWZp6BFfs_0.000_10.000
Y-_LLQQO4zU8_30.000_40.000
Y-bX-ZihsRtQ_13.000_23.000
Y-byeuxn5LEI_0.000_7.000
Y-fCYj-cFQ5A_30.000_40.000
Y-h1WbxpJRqg_16.000_26.000
Y-iSwmbSS9TA_30.000_40.000
Y-jsBFwHRuPo_8.000_18.000
Y-kq4SAP3Y-o_30.000_40.000
Y-kqYEgeadu8_0.000_10.000
Y-m8FiTbRnQI_7.000_17.000
Y-mpaeFZz81E_1.000_11.000
Y-njbxsKaclk_0.000_7.000
Y-pS1iVTSpmU_30.000_40.000
Y-tVj7U7AnZo_18.000_28.000
Y-u90KJp3FFM_18.000_28.000
Y-yz7GuEIuIo_1.000_11.000
Y0-jc_qX7QE8_30.000_40.000
Y00ZeXwkse50_8.000_18.000
Y03e3YcJ4XRE_3.000_13.000
Y06ZsqTqN-no_7.000_17.000
Y07X9_2JoucM_28.000_38.000
Y093tkwFNfAI_30.000_40.000
Y0DLvfqdiXAw_30.000_40.000
Y0DecRiAAkEU_0.000_2.000
Y0Gc0LBXmIJg_30.000_40.000
Y0JF9zo_caX4_180.000_190.000
Y0QUyf6fYJOo_28.000_38.000
Y0TxZyvH6VUY_10.000_20.000
Y0U-dyzYqG48_23.000_33.000
Y0UZNBHkgHSo_30.000_40.000
Y0UePQZOJw7U_0.000_5.000
Y0agMSdf3pAY_30.000_40.000
Y0crRMjiELxc_0.000_7.000
Y0d868Pgi0rc_7.000_17.000
Y0ebNXaYLTb0_27.000_37.000
Y0ek-9ci-3a0_80.000_90.000
Y0gyX2_R456I_20.000_30.000
Y0l19k4WibW8_50.000_60.000
Y0n1etUBX0no_8.000_18.000
Y0ofoAhSl6AU_0.000_3.000
Y0piEiKDuvd8_30.000_40.000
Y0q6o96Jp-jQ_30.000_40.000
Y0qERZHsSX6I_20.000_30.000
Y0rjHjFwsntQ_30.000_40.000
Y0sb5UXdX2Og_0.000_5.000
Y0w6LsP3UBeM_30.000_40.000
Y0yZGysisqY0_12.000_22.000
Y0zLScZi1KE4_0.000_9.000
Y0zyWqCWRLmg_0.000_9.000
Y125DcCtxOog_30.000_40.000
Y12Qn0lSRTfc_13.000_23.000
Y13gko4-3PzY_0.000_10.000
Y13wxhrugxd8_27.000_37.000
Y16bJ0gebwoA_30.000_40.000
Y1CFm70MB27Q_30.000_40.000
Y1DoJ5WKgaOA_11.000_21.000
Y1E1YSMLPU0E_0.000_9.000
Y1EW8TGtlCPo_10.000_20.000
Y1JNk0ebe0fA_2.000_12.000
Y1L5OSIHGRXA_30.000_40.000
Y1LYnGafjSfs_30.000_40.000
Y1O8Wb8Ro1t0_7.000_17.000
Y1PpXYiut248_30.000_40.000
Y1S2BISM1lrw_0.000_4.000
Y1T-VL27xEKc_0.000_10.000
Y1V_wmHuk6x0_30.000_40.000
Y1YlcQqP9CqQ_30.000_40.000
Y1Zs3VI5BW7I_16.000_26.000
Y1c3x_SG3HK8_30.000_40.000
Y1dU6O8zTcSk_30.000_40.000
Y1eS9KNAcn9U_0.000_7.000
Y1fJXZYQz3M8_0.000_9.000
Y1gRHHFHarUQ_0.000_10.000
Y1jbaiMnClTI_13.000_23.000
Y1kFLvutY__w_30.000_40.000
Y1kdkD1XT3U4_30.000_40.000
Y1nK_Ol90Kms_30.000_40.000
Y1ni3AC2Yux4_0.000_8.000
Y1oRD612mE7k_28.000_38.000
Y1pgrPh780dY_1.000_11.000
Y1qId7Y7Yqkc_10.000_20.000
Y1rre7hp7g7k_30.000_40.000
Y1snmtHUyGF8_0.000_5.000
Y1te4HDtVoJ0_20.000_30.000
Y1uBx5S2sdPA_30.000_40.000
Y1uMjZcNQ6Ps_27.000_37.000
Y1zW61b4aiJw_23.000_33.000
Y2-DgzCaJZ70_30.000_40.000
Y20hWAwusiGQ_30.000_40.000
Y25UwLvYW-8o_390.000_400.000
Y27Ia83p6rA4_6.000_16.000
Y28YNjw7cyPE_30.000_40.000
Y2BC6r5-U-lo_17.000_27.000
Y2BcOrblHL_A_15.000_25.000
Y2ByY3kMCIGg_1.000_11.000
Y2C4nvMqXCCE_17.000_27.000
Y2C_rfK4K35Q_0.000_6.000
Y2ChEH4eZNaA_8.000_18.000
Y2GYE-Tl5CJk_0.000_8.000
Y2Gm8ZT0c2zQ_4.000_14.000
Y2HLtTNVcJLI_30.000_40.000
Y2LOd8PxLlVk_10.000_20.000
Y2LfQrLUf7Mk_23.000_33.000
Y2PcnNetsr3Q_2.000_12.000
Y2TGPX6Hd_CU_30.000_40.000
Y2WZvis3BOPA_50.000_60.000
Y2WkzPxRuio8_1.000_11.000
Y2YcWc3Iwp4Y_1.000_11.000
Y2_v6WYJ-bCw_30.000_40.000
Y2aViX0id7Kk_17.000_27.000
Y2fJ3u8obmPo_25.000_35.000
Y2fbqHXWx_3I_12.000_22.000
Y2gWtsgTbSSo_30.000_40.000
Y2ic6Zrdptzo_10.000_20.000
Y2ijJeXRSmQ0_30.000_40.000
Y2jC9HIeo7Y0_30.000_40.000
Y2k4xfsc_jDg_30.000_40.000
Y2mh_pAS5lwE_40.000_50.000
Y2rw7Hy0zPTs_180.000_190.000
Y2vhKp9BFinw_0.000_10.000
Y2vqZ2M1qmiE_7.000_17.000
Y2xcbtz1ladg_25.000_35.000
Y2zYTns2esTQ_12.000_22.000
Y2zoXLLuhfPg_0.000_9.000
Y3-J29DSmV6k_25.000_35.000
Y3-gROn3c7Qk_22.000_32.000
Y31C6xlxr2-I_0.000_4.000
Y32RCWk5ez34_30.000_40.000
Y33MfOlKt0qo_0.000_7.000
Y33pEHpYf_bs_0.000_7.000
Y39oNYwaR6yw_30.000_40.000
Y3ApyJC_KATE_30.000_40.000
Y3FRpoQqKg68_0.000_7.000
Y3HZ4QTLYGas_3.000_13.000
Y3IgRUF115ns_24.000_34.000
Y3Jlw0UmbfOw_1.000_11.000
Y3OoNu21S3h8_28.000_38.000
Y3RcRORTOhcg_0.000_4.000
Y3SoKGRtImdk_30.000_40.000
Y3T2qX9IEiSA_0.000_6.000
Y3TDpwW3Hdbo_30.000_40.000
Y3TyaOXvpBmk_7.000_17.000
Y3VmSPnMEmRI_250.000_260.000
Y3Vnql2TQAuo_0.000_9.000
Y3VzUjZdZEnU_7.000_17.000
Y3Z6YDShJwCM_30.000_40.000
Y3_d-HjRMmzA_0.000_10.000
Y3_oozRQ7ZI0_9.000_19.000
Y3aM5rdvPW_4_9.000_19.000
Y3fxM0ntR7dQ_25.000_35.000
Y3gUznC7Kdt8_5.000_15.000
Y3l1E5zvutbQ_0.000_8.000
Y3oLvoYMm6Hw_30.000_40.000
Y3q07Hx7U8OE_6.000_16.000
Y3qWDdaXRPws_25.000_35.000
Y3rELQFvoctA_0.000_10.000
Y3rl9FSKKplY_20.000_30.000
Y3u2_ffWo6Z0_0.000_6.000
Y3uXlSPVa2Ts_9.000_19.000
Y3wChkVShMSw_13.000_23.000
Y3ws6VfFgNxU_30.000_40.000
Y3xhBl0R0qBY_30.000_40.000
Y3zbtaFmD2qE_30.000_40.000
Y4-aEOXQc8qk_0.000_5.000
Y40_z4tl6MV4_2.000_12.000
Y47yAJLPBbho_0.000_6.000
Y48QMOrJXFK0_13.000_23.000
Y48RPch070SQ_30.000_40.000
Y4AEUe6nBzho_28.000_38.000
Y4CWEeIdHNgw_30.000_40.000
Y4Evnf7lcb_0_30.000_40.000
Y4FAoIU6R9Rs_0.000_8.000
Y4IKWDMBTmM4_30.000_40.000
Y4IYl3BW0oMg_7.000_17.000
Y4JBchwM_ENY_7.000_17.000
Y4KSCrlTmY-c_30.000_40.000
Y4KUbhQGc-Ks_12.000_22.000
Y4R2pTpgHX58_1.000_11.000
Y4S3dEhCfy3Y_6.000_16.000
Y4UfyKW01c8I_0.000_10.000
Y4bZYw3nuS5E_30.000_40.000
Y4cU1IPanI0k_10.000_20.000
Y4eN06XmR6do_12.000_22.000
Y4gtiq7NT3_4_20.000_30.000
Y4h2mtS7Cy5o_4.000_14.000
Y4jLTh0lPyT4_30.000_40.000
Y4mpyHoiNmgQ_0.000_10.000
Y4oo9pQt8bKI_27.000_37.000
Y4pP07Q3S528_3.000_13.000
Y4pT37f9lXFo_10.000_20.000
Y4pzoUVvYdLc_6.000_16.000
Y4q9mgiuY4XM_17.000_27.000
Y4sMmtEskIVM_30.000_40.000
Y4st-U3JZMmg_1.000_11.000
Y4tdALTU3rwM_0.000_10.000
Y4uA1k8m0PmE_30.000_40.000
Y4v_Cy4NpKjM_0.000_5.000
Y4w2VMA2pdYo_150.000_160.000
Y4wcRtINzobU_29.000_39.000
Y4zWgKX3z1_4_30.000_40.000
Y50BRTrntfkg_0.000_10.000
Y50QSfNwjXlg_22.000_32.000
Y50vqO__ogTc_0.000_10.000
Y55EKmMWVBbg_11.000_21.000
Y55Mo_7rjudE_0.000_6.000
Y58ZdrvFgS1c_12.000_22.000
Y59aVtYM8k-4_7.000_17.000
Y59oHl43FnXw_8.000_18.000
Y5DF4BHbkknY_30.000_40.000
Y5Jx4ngx5WEo_30.000_40.000
Y5K17Pioj4kM_22.000_32.000
Y5OUDrvaQX50_60.000_70.000
Y5TTBCPRrzqk_0.000_6.000
Y5U-_8_97k7o_30.000_40.000
Y5YSsgdDyYYY_0.000_3.000
Y5ZN7URkabX0_4.000_14.000
Y5ZYM9JLP6g8_14.000_24.000
Y5ZpWRCiORfU_30.000_40.000
Y5cYQOqeZ67E_22.000_32.000
Y5dVPx2pVyXA_10.000_20.000
Y5ew7LsoymDo_390.000_400.000
Y5ja70cbIQHY_1.000_11.000
Y5ju0W3g8aA0_17.000_27.000
Y5oQPSGsNhe8_0.000_10.000
Y5p3f5qA1qP8_7.000_17.000
Y5ulk-EMH2TE_21.000_31.000
Y5wn-WqqiwPY_8.000_18.000
Y5y4pi2ShzhY_9.000_19.000
Y5zaHWN_orI4_0.000_3.000
Y60QfkX2tkmk_0.000_10.000
Y62g3UjiMYS8_26.000_36.000
Y639mzYB86gs_190.000_200.000
Y63KW_EQ72yU_30.000_40.000
Y65BR-e7eZwI_3.000_13.000
Y68JIzeugDqs_0.000_9.000
Y69Yg44-C3Bs_30.000_40.000
Y6BJ455B1aAs_0.000_8.000
Y6BPC0BqoY9o_30.000_40.000
Y6CobqoT6yDY_30.000_40.000
Y6GKadxwgS60_30.000_40.000
Y6HnFQjmFuB8_4.000_14.000
Y6I8TAK9ARwk_14.000_24.000
Y6Kd72D2vP_U_1.000_11.000
Y6Lvevk4apHY_16.000_26.000
Y6MDG_s-zwkU_0.000_4.000
Y6MkNMfKInZg_60.000_70.000
Y6Nc0yKRpYRE_450.000_460.000
Y6OBsYZn8cKI_0.000_4.000
Y6OKZIXzmOmU_21.000_31.000
Y6Pp1KMNaTJg_30.000_40.000
Y6R0-bmMN_8Q_30.000_40.000
Y6T83a6vGbtk_0.000_3.000
Y6V2n63P3m18_30.000_40.000
Y6VZdahviVCM_1.000_11.000
Y6WT0qjbK4qo_30.000_40.000
Y6WjhzWp3Glc_0.000_4.000
Y6XcFajJKqsQ_30.000_40.000
Y6cLXQO3Dr3g_8.000_18.000